::1 - - [14/Dec/2017:13:36:36 +0100] "GET / HTTP/1.1" 200 1599
::1 - - [14/Dec/2017:13:36:36 +0100] "GET /?getimg=title HTTP/1.1" 200 6119
::1 - - [14/Dec/2017:13:36:37 +0100] "GET /?getimg=folder HTTP/1.1" 200 537
::1 - - [14/Dec/2017:13:36:37 +0100] "GET /favicon.ico HTTP/1.1" 404 309
::1 - - [14/Dec/2017:13:36:37 +0100] "GET /favicon.ico HTTP/1.1" 404 309
::1 - - [14/Dec/2017:13:36:37 +0100] "GET /?getimg=favicon HTTP/1.1" 200 5430
::1 - - [14/Dec/2017:13:36:37 +0100] "GET /?getimg=favicon HTTP/1.1" 200 5430
::1 - - [14/Dec/2017:13:36:42 +0100] "GET /mysql/ HTTP/1.1" 200 3088
::1 - - [14/Dec/2017:13:36:42 +0100] "GET /mysql/themes/pmahomme/jquery/jquery-ui-1.11.2.css HTTP/1.1" 200 35212
::1 - - [14/Dec/2017:13:36:42 +0100] "GET /mysql/js/codemirror/lib/codemirror.css?v=4.5.4.1 HTTP/1.1" 200 7771
::1 - - [14/Dec/2017:13:36:42 +0100] "GET /mysql/js/codemirror/addon/lint/lint.css?v=4.5.4.1 HTTP/1.1" 200 3068
::1 - - [14/Dec/2017:13:36:42 +0100] "GET /mysql/themes/pmahomme/css/printview.css?v=4.5.4.1 HTTP/1.1" 200 3082
::1 - - [14/Dec/2017:13:36:42 +0100] "GET /mysql/js/codemirror/addon/hint/show-hint.css?v=4.5.4.1 HTTP/1.1" 200 662
::1 - - [14/Dec/2017:13:36:42 +0100] "GET /mysql/js/whitelist.php?lang=fr&db=&collation_connection=utf8_unicode_ci&token=d06bb4b64c3f9d4e6bfe031960500599&v=4.5.4.1 HTTP/1.1" 200 482
::1 - - [14/Dec/2017:13:36:42 +0100] "GET /mysql/phpmyadmin.css.php?nocache=4363588756ltr HTTP/1.1" 200 20076
::1 - - [14/Dec/2017:13:36:42 +0100] "GET /mysql/js/get_scripts.js.php?scripts%5B%5D=jquery/jquery-1.11.1.min.js&scripts%5B%5D=sprintf.js&scripts%5B%5D=ajax.js&scripts%5B%5D=keyhandler.js&scripts%5B%5D=jquery/jquery-ui-1.11.2.min.js&scripts%5B%5D=jquery/jquery.cookie.js&scripts%5B%5D=jquery/jquery.mousewheel.js&scripts%5B%5D=jquery/jquery.event.drag-2.2.js&scripts%5B%5D=jquery/jquery-ui-timepicker-addon.js&scripts%5B%5D=jquery/jquery.ba-hashchange-1.3.js&scripts%5B%5D=jquery/jquery.debounce-1.0.5.js&scripts%5B%5D=menu-resizer.js&scripts%5B%5D=cross_framing_protection.js&scripts%5B%5D=rte.js&scripts%5B%5D=tracekit/tracekit.js&scripts%5B%5D=error_report.js&scripts%5B%5D=doclinks.js&scripts%5B%5D=functions.js&scripts%5B%5D=navigation.js&scripts%5B%5D=indexes.js&v=4.5.4.1 HTTP/1.1" 200 216429
::1 - - [14/Dec/2017:13:36:42 +0100] "GET /mysql/js/get_scripts.js.php?scripts%5B%5D=common.js&scripts%5B%5D=config.js&scripts%5B%5D=page_settings.js&scripts%5B%5D=codemirror/lib/codemirror.js&scripts%5B%5D=codemirror/mode/sql/sql.js&scripts%5B%5D=codemirror/addon/runmode/runmode.js&scripts%5B%5D=codemirror/addon/hint/show-hint.js&scripts%5B%5D=codemirror/addon/hint/sql-hint.js&scripts%5B%5D=codemirror/addon/lint/lint.js&scripts%5B%5D=codemirror/addon/lint/sql-lint.js&scripts%5B%5D=console.js&v=4.5.4.1 HTTP/1.1" 200 129440
::1 - - [14/Dec/2017:13:36:42 +0100] "GET /mysql/js/get_image.js.php?theme=pmahomme&v=4.5.4.1 HTTP/1.1" 200 1822
::1 - - [14/Dec/2017:13:36:42 +0100] "GET /mysql/js/messages.php?lang=fr&db=&collation_connection=utf8_unicode_ci&token=d06bb4b64c3f9d4e6bfe031960500599&v=4.5.4.1 HTTP/1.1" 200 9507
::1 - - [14/Dec/2017:13:36:44 +0100] "GET /mysql/themes/pmahomme/img/logo_right.png HTTP/1.1" 200 4548
::1 - - [14/Dec/2017:13:36:44 +0100] "GET /mysql/themes/dot.gif HTTP/1.1" 200 43
::1 - - [14/Dec/2017:13:36:44 +0100] "GET /mysql/favicon.ico HTTP/1.1" 200 22486
::1 - - [14/Dec/2017:13:36:44 +0100] "GET /mysql/themes/pmahomme/img/sprites.png?v=4.5.4.1 HTTP/1.1" 200 46795
::1 - - [14/Dec/2017:13:36:50 +0100] "POST /mysql/index.php HTTP/1.1" 200 3108
::1 - - [14/Dec/2017:13:36:50 +0100] "GET /mysql/js/whitelist.php?lang=fr&db=&token=d06bb4b64c3f9d4e6bfe031960500599&v=4.5.4.1 HTTP/1.1" 200 482
::1 - - [14/Dec/2017:13:36:50 +0100] "GET /mysql/js/messages.php?lang=fr&db=&token=d06bb4b64c3f9d4e6bfe031960500599&v=4.5.4.1 HTTP/1.1" 200 9507
::1 - - [14/Dec/2017:13:37:21 +0100] "POST /mysql/index.php HTTP/1.1" 302 25
::1 - - [14/Dec/2017:13:37:21 +0100] "GET /mysql/index.php?token=d06bb4b64c3f9d4e6bfe031960500599 HTTP/1.1" 200 13361
::1 - - [14/Dec/2017:13:37:22 +0100] "GET /mysql/phpmyadmin.css.php?nocache=5876843798ltr HTTP/1.1" 200 20076
::1 - - [14/Dec/2017:13:37:22 +0100] "GET /mysql/themes/pmahomme/img/ajax_clock_small.gif HTTP/1.1" 200 1810
::1 - - [14/Dec/2017:13:37:22 +0100] "GET /mysql/themes/pmahomme/img/logo_left.png HTTP/1.1" 200 2327
::1 - - [14/Dec/2017:13:37:23 +0100] "GET /mysql/themes/pmahomme/img/left_nav_bg.png HTTP/1.1" 200 297
::1 - - [14/Dec/2017:13:37:23 +0100] "POST /mysql/db_structure.php?ajax_request=1&favorite_table=1&sync_favorite_tables=1&token=d06bb4b64c3f9d4e6bfe031960500599 HTTP/1.1" 200 164
::1 - - [14/Dec/2017:13:37:23 +0100] "GET /mysql/version_check.php?server=1&_nocache=1513255043141285186 HTTP/1.1" 200 39
::1 - - [14/Dec/2017:13:37:28 +0100] "GET /mysql/themes/pmahomme/img/s_collapseall.png HTTP/1.1" 200 170
::1 - - [14/Dec/2017:13:38:03 +0100] "GET /mysql/prefs_manage.php?db=&token=d06bb4b64c3f9d4e6bfe031960500599&ajax_request=true&ajax_page_request=true&_nocache=1513255083004264586 HTTP/1.1" 200 2814
::1 - - [14/Dec/2017:13:38:05 +0100] "GET /mysql/prefs_forms.php?form=Features&token=d06bb4b64c3f9d4e6bfe031960500599&ajax_request=true&ajax_page_request=true&_nocache=1513255085473549298 HTTP/1.1" 200 5705
::1 - - [14/Dec/2017:13:38:23 +0100] "GET /mysql/doc/html/config.html HTTP/1.1" 200 276190
::1 - - [14/Dec/2017:13:38:23 +0100] "GET /mysql/doc/html/_static/default.css HTTP/1.1" 200 4040
::1 - - [14/Dec/2017:13:38:23 +0100] "GET /mysql/doc/html/_static/pygments.css HTTP/1.1" 200 3991
::1 - - [14/Dec/2017:13:38:23 +0100] "GET /mysql/doc/html/_static/underscore.js HTTP/1.1" 200 47559
::1 - - [14/Dec/2017:13:38:23 +0100] "GET /mysql/doc/html/_static/jquery.js HTTP/1.1" 200 252879
::1 - - [14/Dec/2017:13:38:23 +0100] "GET /mysql/doc/html/_static/basic.css HTTP/1.1" 200 8452
::1 - - [14/Dec/2017:13:38:29 +0100] "GET /mysql/doc/html/_static/doctools.js HTTP/1.1" 200 6680
::1 - - [14/Dec/2017:13:38:30 +0100] "GET /mysql/doc/html/user.html HTTP/1.1" 200 5822
::1 - - [14/Dec/2017:13:38:32 +0100] "POST /mysql/prefs_forms.php?form=Features&token=d06bb4b64c3f9d4e6bfe031960500599&ajax_request=true&ajax_page_request=true&_nocache=1513255085473549298 HTTP/1.1" 302 1391
::1 - - [14/Dec/2017:13:38:32 +0100] "GET /mysql/prefs_forms.php?form=Features&saved=1&token=d06bb4b64c3f9d4e6bfe031960500599 HTTP/1.1" 200 8857
::1 - - [14/Dec/2017:13:38:33 +0100] "GET /mysql/phpmyadmin.css.php?nocache=5876843868ltr HTTP/1.1" 200 20076
::1 - - [14/Dec/2017:13:38:36 +0100] "GET /mysql/server_import.php?db=&token=d06bb4b64c3f9d4e6bfe031960500599&ajax_request=true&ajax_page_request=true&_nocache=1513255116313417985 HTTP/1.1" 200 6177
::1 - - [14/Dec/2017:13:38:36 +0100] "POST /mysql/navigation.php?ajax_request=1&token=d06bb4b64c3f9d4e6bfe031960500599 HTTP/1.1" 200 4259
::1 - - [14/Dec/2017:13:38:36 +0100] "GET /mysql/js/get_scripts.js.php?scripts%5B%5D=import.js&call_done=1&v=4.5.4.1 HTTP/1.1" 200 1803
::1 - - [14/Dec/2017:13:39:22 +0100] "POST /mysql/import.php HTTP/1.1" 200 8330
::1 - - [14/Dec/2017:13:39:24 +0100] "POST /mysql/navigation.php?ajax_request=1&token=d06bb4b64c3f9d4e6bfe031960500599 HTTP/1.1" 200 1923
::1 - - [14/Dec/2017:13:39:26 +0100] "GET /mysql/db_structure.php?server=1&db=db_redwire&token=d06bb4b64c3f9d4e6bfe031960500599&ajax_request=true&ajax_page_request=true&_nocache=1513255166797769591 HTTP/1.1" 200 5595
::1 - - [14/Dec/2017:13:39:27 +0100] "GET /mysql/themes/pmahomme/img/arrow_ltr.png HTTP/1.1" 200 139
::1 - - [14/Dec/2017:13:39:27 +0100] "GET /mysql/js/get_scripts.js.php?scripts%5B%5D=db_structure.js&scripts%5B%5D=tbl_change.js&call_done=1&v=4.5.4.1 HTTP/1.1" 200 10265
::1 - - [14/Dec/2017:13:39:27 +0100] "GET /mysql/navigation.php?ajax_request=1&token=d06bb4b64c3f9d4e6bfe031960500599&aPath=cm9vdA%3D%3D.ZGJfcmVkd2lyZQ%3D%3D&vPath=cm9vdA%3D%3D.ZGJfcmVkd2lyZQ%3D%3D&pos=0&pos2_name=&pos2_value=&searchClause=&searchClause2=&_nocache=151325516737691375 HTTP/1.1" 200 2061
::1 - - [14/Dec/2017:13:39:27 +0100] "POST /mysql/navigation.php?ajax_request=1&token=d06bb4b64c3f9d4e6bfe031960500599 HTTP/1.1" 200 1923
::1 - - [14/Dec/2017:13:39:28 +0100] "GET /mysql/navigation.php?ajax_request=1&token=d06bb4b64c3f9d4e6bfe031960500599&aPath=cm9vdA%3D%3D.ZGJfcmVkd2lyZQ%3D%3D&vPath=cm9vdA%3D%3D.ZGJfcmVkd2lyZQ%3D%3D&pos=0&pos2_name=&pos2_value=&searchClause=&searchClause2=&_nocache=1513255168535292164 HTTP/1.1" 200 2061
::1 - - [14/Dec/2017:13:39:29 +0100] "GET /mysql/db_import.php?db=db_redwire&token=d06bb4b64c3f9d4e6bfe031960500599&ajax_request=true&ajax_page_request=true&_nocache=151325516962136769 HTTP/1.1" 200 6354
::1 - - [14/Dec/2017:13:39:44 +0100] "POST /mysql/import.php HTTP/1.1" 200 7777
::1 - - [14/Dec/2017:13:39:45 +0100] "GET /mysql/js/whitelist.php?lang=fr&db=db_redwire&token=d06bb4b64c3f9d4e6bfe031960500599&v=4.5.4.1 HTTP/1.1" 200 482
::1 - - [14/Dec/2017:13:39:45 +0100] "GET /mysql/js/messages.php?lang=fr&db=db_redwire&token=d06bb4b64c3f9d4e6bfe031960500599&v=4.5.4.1 HTTP/1.1" 200 9507
::1 - - [14/Dec/2017:13:39:46 +0100] "POST /mysql/navigation.php?ajax_request=1&token=d06bb4b64c3f9d4e6bfe031960500599 HTTP/1.1" 200 2458
::1 - - [14/Dec/2017:13:40:48 +0100] "GET /mysql/db_import.php?db=db_redwire&token=d06bb4b64c3f9d4e6bfe031960500599&ajax_request=true&ajax_page_request=true&_nocache=1513255248346612875 HTTP/1.1" 200 6352
::1 - - [14/Dec/2017:13:40:54 +0100] "POST /mysql/import.php HTTP/1.1" 200 8166
::1 - - [14/Dec/2017:13:40:55 +0100] "POST /mysql/navigation.php?ajax_request=1&token=d06bb4b64c3f9d4e6bfe031960500599 HTTP/1.1" 200 2458
::1 - - [14/Dec/2017:13:40:58 +0100] "GET /mysql/db_import.php?db=db_redwire&token=d06bb4b64c3f9d4e6bfe031960500599&ajax_request=true&ajax_page_request=true&_nocache=1513255258291678822 HTTP/1.1" 200 6352
::1 - - [14/Dec/2017:13:41:04 +0100] "POST /mysql/import.php HTTP/1.1" 200 8803
::1 - - [14/Dec/2017:13:41:06 +0100] "POST /mysql/navigation.php?ajax_request=1&token=d06bb4b64c3f9d4e6bfe031960500599 HTTP/1.1" 200 2458
::1 - - [14/Dec/2017:13:41:08 +0100] "GET /mysql/db_import.php?db=db_redwire&token=d06bb4b64c3f9d4e6bfe031960500599&ajax_request=true&ajax_page_request=true&_nocache=1513255268710501464 HTTP/1.1" 200 6354
::1 - - [14/Dec/2017:13:41:14 +0100] "POST /mysql/import.php HTTP/1.1" 200 8660
::1 - - [14/Dec/2017:13:41:15 +0100] "POST /mysql/navigation.php?ajax_request=1&token=d06bb4b64c3f9d4e6bfe031960500599 HTTP/1.1" 200 2458
::1 - - [14/Dec/2017:13:41:20 +0100] "GET /mysql/db_import.php?db=db_redwire&token=d06bb4b64c3f9d4e6bfe031960500599&ajax_request=true&ajax_page_request=true&_nocache=1513255280577552240 HTTP/1.1" 200 6355
::1 - - [14/Dec/2017:13:42:09 +0100] "GET /mysql/db_sql.php?db=db_redwire&token=d06bb4b64c3f9d4e6bfe031960500599&ajax_request=true&ajax_page_request=true&_nocache=151325532938546400 HTTP/1.1" 200 4678
::1 - - [14/Dec/2017:13:42:09 +0100] "GET /mysql/js/get_scripts.js.php?scripts%5B%5D=makegrid.js&scripts%5B%5D=jquery/jquery.uitablefilter.js&scripts%5B%5D=sql.js&call_done=1&v=4.5.4.1 HTTP/1.1" 200 26517
::1 - - [14/Dec/2017:13:42:11 +0100] "POST /mysql/db_sql_autocomplete.php HTTP/1.1" 200 2116
::1 - - [14/Dec/2017:13:42:11 +0100] "POST /mysql/lint.php HTTP/1.1" 200 28
::1 - - [14/Dec/2017:13:42:19 +0100] "GET /mysql/server_databases.php?server=1&token=d06bb4b64c3f9d4e6bfe031960500599&ajax_request=true&ajax_page_request=true&_nocache=1513255339376575076 HTTP/1.1" 200 5608
::1 - - [14/Dec/2017:13:42:19 +0100] "GET /mysql/js/get_scripts.js.php?scripts%5B%5D=server_databases.js&call_done=1&v=4.5.4.1 HTTP/1.1" 200 1707
::1 - - [14/Dec/2017:13:42:20 +0100] "POST /mysql/navigation.php?ajax_request=1&token=d06bb4b64c3f9d4e6bfe031960500599 HTTP/1.1" 200 1923
::1 - - [14/Dec/2017:13:42:33 +0100] "POST /mysql/db_create.php HTTP/1.1" 200 2021
::1 - - [14/Dec/2017:13:42:33 +0100] "POST /mysql/navigation.php?ajax_request=1&token=d06bb4b64c3f9d4e6bfe031960500599 HTTP/1.1" 200 1980
::1 - - [14/Dec/2017:13:42:33 +0100] "GET /mysql/db_structure.php?db=db_collections&token=d06bb4b64c3f9d4e6bfe031960500599&db=db_collections&ajax_request=true&ajax_page_request=true&_nocache=1513255353437474137 HTTP/1.1" 200 2842
::1 - - [14/Dec/2017:13:42:34 +0100] "GET /mysql/navigation.php?ajax_request=1&token=d06bb4b64c3f9d4e6bfe031960500599&aPath=cm9vdA%3D%3D.ZGJfY29sbGVjdGlvbnM%3D&vPath=cm9vdA%3D%3D.ZGJfY29sbGVjdGlvbnM%3D&pos=0&pos2_name=&pos2_value=&searchClause=&searchClause2=&_nocache=1513255354293298558 HTTP/1.1" 200 1404
::1 - - [14/Dec/2017:13:42:39 +0100] "GET /mysql/db_structure.php?db=db_collections&token=d06bb4b64c3f9d4e6bfe031960500599&ajax_request=true&ajax_page_request=true&_nocache=1513255359468788833 HTTP/1.1" 200 2842
::1 - - [14/Dec/2017:13:42:41 +0100] "GET /mysql/index.php?token=d06bb4b64c3f9d4e6bfe031960500599&ajax_request=true&ajax_page_request=true&_nocache=151325536160720536 HTTP/1.1" 200 6851
::1 - - [14/Dec/2017:13:42:42 +0100] "POST /mysql/db_structure.php?ajax_request=1&favorite_table=1&sync_favorite_tables=1&token=d06bb4b64c3f9d4e6bfe031960500599 HTTP/1.1" 200 164
::1 - - [14/Dec/2017:13:42:42 +0100] "GET /mysql/version_check.php?server=1&_nocache=1513255362105448649 HTTP/1.1" 200 39
::1 - - [14/Dec/2017:13:42:46 +0100] "GET /mysql/server_databases.php?db=&token=d06bb4b64c3f9d4e6bfe031960500599&ajax_request=true&ajax_page_request=true&_nocache=1513255366534500454 HTTP/1.1" 200 5668
::1 - - [14/Dec/2017:13:42:50 +0100] "GET /mysql/themes/pmahomme/jquery/images/ui-bg_highlight-soft_75_cccccc_1x100.png HTTP/1.1" 200 319
::1 - - [14/Dec/2017:13:42:50 +0100] "GET /mysql/themes/pmahomme/jquery/images/ui-icons_222222_256x240.png HTTP/1.1" 200 7006
::1 - - [14/Dec/2017:13:42:50 +0100] "GET /mysql/themes/pmahomme/jquery/images/ui-bg_flat_75_ffffff_40x100.png HTTP/1.1" 200 247
::1 - - [14/Dec/2017:13:42:50 +0100] "GET /mysql/themes/pmahomme/jquery/images/ui-bg_glass_75_e6e6e6_1x400.png HTTP/1.1" 200 301
::1 - - [14/Dec/2017:13:42:50 +0100] "GET /mysql/themes/pmahomme/jquery/images/ui-bg_flat_0_aaaaaa_40x100.png HTTP/1.1" 200 251
::1 - - [14/Dec/2017:13:42:50 +0100] "GET /mysql/themes/pmahomme/jquery/images/ui-icons_888888_256x240.png HTTP/1.1" 200 7092
::1 - - [14/Dec/2017:13:42:50 +0100] "GET /mysql/themes/pmahomme/jquery/images/ui-bg_glass_75_dadada_1x400.png HTTP/1.1" 200 301
::1 - - [14/Dec/2017:13:42:51 +0100] "GET /mysql/themes/pmahomme/jquery/images/ui-bg_glass_65_ffffff_1x400.png HTTP/1.1" 200 246
::1 - - [14/Dec/2017:13:42:51 +0100] "POST /mysql/server_databases.php?pos=0&dbstats=0&sort_by=SCHEMA_NAME&sort_order=asc&token=d06bb4b64c3f9d4e6bfe031960500599&selected_dbs%5B%5D=db_collections&drop_selected_dbs=1&is_js_confirmed=1&ajax_request=true HTTP/1.1" 200 1930
::1 - - [14/Dec/2017:13:42:51 +0100] "POST /mysql/navigation.php?ajax_request=1&token=d06bb4b64c3f9d4e6bfe031960500599 HTTP/1.1" 200 1923
::1 - - [14/Dec/2017:13:43:09 +0100] "POST /mysql/db_create.php HTTP/1.1" 200 2081
::1 - - [14/Dec/2017:13:43:10 +0100] "POST /mysql/navigation.php?ajax_request=1&token=d06bb4b64c3f9d4e6bfe031960500599 HTTP/1.1" 200 1980
::1 - - [14/Dec/2017:13:43:10 +0100] "GET /mysql/db_structure.php?db=db_collections&token=d06bb4b64c3f9d4e6bfe031960500599&db=db_collections&ajax_request=true&ajax_page_request=true&_nocache=1513255390019361982 HTTP/1.1" 200 2842
::1 - - [14/Dec/2017:13:43:10 +0100] "GET /mysql/navigation.php?ajax_request=1&token=d06bb4b64c3f9d4e6bfe031960500599&aPath=cm9vdA%3D%3D.ZGJfY29sbGVjdGlvbnM%3D&vPath=cm9vdA%3D%3D.ZGJfY29sbGVjdGlvbnM%3D&pos=0&pos2_name=&pos2_value=&searchClause=&searchClause2=&_nocache=1513255390930848945 HTTP/1.1" 200 1404
::1 - - [14/Dec/2017:13:43:13 +0100] "GET /mysql/db_structure.php?server=1&db=db_collections&token=d06bb4b64c3f9d4e6bfe031960500599&ajax_request=true&ajax_page_request=true&_nocache=1513255393457692885 HTTP/1.1" 200 2842
::1 - - [14/Dec/2017:13:43:14 +0100] "POST /mysql/navigation.php?ajax_request=1&token=d06bb4b64c3f9d4e6bfe031960500599 HTTP/1.1" 200 1993
::1 - - [14/Dec/2017:13:43:14 +0100] "GET /mysql/db_import.php?db=db_collections&token=d06bb4b64c3f9d4e6bfe031960500599&ajax_request=true&ajax_page_request=true&_nocache=1513255394759519793 HTTP/1.1" 200 6353
::1 - - [14/Dec/2017:13:43:17 +0100] "GET /mysql/db_sql.php?db=db_collections&token=d06bb4b64c3f9d4e6bfe031960500599&ajax_request=true&ajax_page_request=true&_nocache=151325539779869351 HTTP/1.1" 200 4680
::1 - - [14/Dec/2017:13:43:19 +0100] "POST /mysql/db_sql_autocomplete.php HTTP/1.1" 200 1550
::1 - - [14/Dec/2017:13:43:20 +0100] "POST /mysql/lint.php HTTP/1.1" 200 28
::1 - - [14/Dec/2017:13:43:21 +0100] "POST /mysql/import.php HTTP/1.1" 200 2309
::1 - - [14/Dec/2017:13:43:22 +0100] "POST /mysql/navigation.php?ajax_request=1&token=d06bb4b64c3f9d4e6bfe031960500599 HTTP/1.1" 200 2285
::1 - - [14/Dec/2017:13:43:25 +0100] "GET /mysql/db_designer.php?db=db_collections&token=d06bb4b64c3f9d4e6bfe031960500599&ajax_request=true&ajax_page_request=true&_nocache=1513255405623783904 HTTP/1.1" 200 4448
::1 - - [14/Dec/2017:13:43:26 +0100] "GET /mysql/themes/pmahomme/img/pmd/downarrow2_m.png HTTP/1.1" 200 711
::1 - - [14/Dec/2017:13:43:26 +0100] "GET /mysql/themes/pmahomme/img/pmd/viewInFullscreen.png HTTP/1.1" 200 472
::1 - - [14/Dec/2017:13:43:26 +0100] "GET /mysql/themes/pmahomme/img/pmd/page_add.png HTTP/1.1" 200 791
::1 - - [14/Dec/2017:13:43:26 +0100] "GET /mysql/themes/pmahomme/img/pmd/page_edit.png HTTP/1.1" 200 847
::1 - - [14/Dec/2017:13:43:26 +0100] "GET /mysql/themes/pmahomme/img/pmd/save_as.png HTTP/1.1" 200 467
::1 - - [14/Dec/2017:13:43:26 +0100] "GET /mysql/themes/pmahomme/img/pmd/table.png HTTP/1.1" 200 163
::1 - - [14/Dec/2017:13:43:26 +0100] "GET /mysql/themes/pmahomme/img/pmd/display_field.png HTTP/1.1" 200 685
::1 - - [14/Dec/2017:13:43:26 +0100] "GET /mysql/themes/pmahomme/img/pmd/reload.png HTTP/1.1" 200 874
::1 - - [14/Dec/2017:13:43:26 +0100] "GET /mysql/themes/pmahomme/img/pmd/ang_direct.png HTTP/1.1" 200 679
::1 - - [14/Dec/2017:13:43:26 +0100] "GET /mysql/themes/pmahomme/img/pmd/help.png HTTP/1.1" 200 714
::1 - - [14/Dec/2017:13:43:26 +0100] "GET /mysql/themes/pmahomme/img/pmd/page_delete.png HTTP/1.1" 200 807
::1 - - [14/Dec/2017:13:43:26 +0100] "GET /mysql/themes/pmahomme/img/pmd/relation.png HTTP/1.1" 200 295
::1 - - [14/Dec/2017:13:43:26 +0100] "GET /mysql/themes/pmahomme/img/pmd/export.png HTTP/1.1" 200 884
::1 - - [14/Dec/2017:13:43:26 +0100] "GET /mysql/themes/pmahomme/img/pmd/grid.png HTTP/1.1" 200 688
::1 - - [14/Dec/2017:13:43:26 +0100] "GET /mysql/themes/pmahomme/img/pmd/bottom.png HTTP/1.1" 200 734
::1 - - [14/Dec/2017:13:43:26 +0100] "GET /mysql/themes/pmahomme/img/pmd/2rightarrow_m.png HTTP/1.1" 200 699
::1 - - [14/Dec/2017:13:43:26 +0100] "GET /mysql/themes/pmahomme/img/pmd/anchor.png HTTP/1.1" 200 523
::1 - - [14/Dec/2017:13:43:26 +0100] "GET /mysql/themes/pmahomme/img/pmd/downarrow2.png HTTP/1.1" 200 772
::1 - - [14/Dec/2017:13:43:26 +0100] "GET /mysql/themes/pmahomme/img/pmd/exec.png HTTP/1.1" 200 796
::1 - - [14/Dec/2017:13:43:26 +0100] "GET /mysql/themes/pmahomme/img/pmd/exec_small.png HTTP/1.1" 200 161
::1 - - [14/Dec/2017:13:43:26 +0100] "GET /mysql/themes/pmahomme/img/pmd/resize.png HTTP/1.1" 200 151
::1 - - [14/Dec/2017:13:43:26 +0100] "GET /mysql/themes/pmahomme/img/pmd/FieldKey_small.png HTTP/1.1" 200 229
::1 - - [14/Dec/2017:13:43:26 +0100] "GET /mysql/themes/pmahomme/img/pmd/Field_small_char.png HTTP/1.1" 200 154
::1 - - [14/Dec/2017:13:43:26 +0100] "GET /mysql/themes/pmahomme/img/pmd/toggle_lines.png HTTP/1.1" 200 630
::1 - - [14/Dec/2017:13:43:26 +0100] "GET /mysql/themes/pmahomme/img/pmd/Field_small_int.png HTTP/1.1" 200 145
::1 - - [14/Dec/2017:13:43:26 +0100] "GET /mysql/themes/pmahomme/img/pmd/downarrow1.png HTTP/1.1" 200 758
::1 - - [14/Dec/2017:13:43:26 +0100] "GET /mysql/themes/pmahomme/img/pmd/save.png HTTP/1.1" 200 409
::1 - - [14/Dec/2017:13:43:26 +0100] "GET /mysql/themes/pmahomme/img/pmd/Header.png HTTP/1.1" 200 125
::1 - - [14/Dec/2017:13:43:26 +0100] "GET /mysql/themes/pmahomme/img/pmd/small_tab.png HTTP/1.1" 200 180
::1 - - [14/Dec/2017:13:43:26 +0100] "GET /mysql/js/get_scripts.js.php?scripts%5B%5D=jquery/jquery.fullscreen.js&scripts%5B%5D=pmd/designer_db.js&scripts%5B%5D=pmd/designer_objects.js&scripts%5B%5D=pmd/designer_page.js&scripts%5B%5D=pmd/history.js&scripts%5B%5D=pmd/move.js&scripts%5B%5D=pmd/init.js&call_done=1&v=4.5.4.1 HTTP/1.1" 200 20390
::1 - - [14/Dec/2017:13:43:26 +0100] "POST /mysql/db_designer.php HTTP/1.1" 200 1376
::1 - - [14/Dec/2017:13:43:26 +0100] "POST /mysql/db_designer.php HTTP/1.1" 200 1376
::1 - - [14/Dec/2017:13:43:26 +0100] "POST /mysql/db_designer.php HTTP/1.1" 200 1376
::1 - - [14/Dec/2017:13:43:30 +0100] "GET /mysql/sql.php?server=1&db=db_collections&table=t_collections&pos=0&token=d06bb4b64c3f9d4e6bfe031960500599&ajax_request=true&ajax_page_request=true&_nocache=1513255410307331512 HTTP/1.1" 200 4646
::1 - - [14/Dec/2017:13:43:30 +0100] "GET /mysql/js/get_scripts.js.php?scripts%5B%5D=gis_data_editor.js&scripts%5B%5D=multi_column_sort.js&call_done=1&v=4.5.4.1 HTTP/1.1" 200 4575
::1 - - [14/Dec/2017:13:43:31 +0100] "POST /mysql/navigation.php?ajax_request=1&token=d06bb4b64c3f9d4e6bfe031960500599 HTTP/1.1" 200 2318
::1 - - [14/Dec/2017:13:43:31 +0100] "GET /mysql/index.php?ajax_request=1&recent_table=1&token=d06bb4b64c3f9d4e6bfe031960500599&no_debug=true&_nocache=1513255411220674149 HTTP/1.1" 200 1429
::1 - - [14/Dec/2017:13:44:06 +0100] "GET /mysql/tbl_sql.php?db=db_collections&table=t_collections&token=d06bb4b64c3f9d4e6bfe031960500599&ajax_request=true&ajax_page_request=true&_nocache=1513255445977743693 HTTP/1.1" 200 4904
::1 - - [14/Dec/2017:13:44:06 +0100] "GET /mysql/index.php?ajax_request=1&recent_table=1&token=d06bb4b64c3f9d4e6bfe031960500599&no_debug=true&_nocache=1513255446511580223 HTTP/1.1" 200 1429
::1 - - [14/Dec/2017:13:44:06 +0100] "POST /mysql/lint.php HTTP/1.1" 200 28
::1 - - [14/Dec/2017:13:44:09 +0100] "POST /mysql/db_sql_autocomplete.php HTTP/1.1" 200 1693
::1 - - [14/Dec/2017:13:44:09 +0100] "POST /mysql/lint.php HTTP/1.1" 200 28
::1 - - [14/Dec/2017:13:44:11 +0100] "POST /mysql/import.php HTTP/1.1" 200 3167
::1 - - [14/Dec/2017:13:44:14 +0100] "GET /mysql/sql.php?server=1&db=db_collections&table=t_collections&pos=0&token=d06bb4b64c3f9d4e6bfe031960500599&ajax_request=true&ajax_page_request=true&_nocache=1513255454301886765 HTTP/1.1" 200 7819
::1 - - [14/Dec/2017:13:44:14 +0100] "GET /mysql/themes/pmahomme/img/s_fulltext.png HTTP/1.1" 200 193
::1 - - [14/Dec/2017:13:44:15 +0100] "GET /mysql/themes/pmahomme/img/col_pointer.png HTTP/1.1" 200 113
::1 - - [14/Dec/2017:13:44:15 +0100] "GET /mysql/themes/pmahomme/img/col_drop.png HTTP/1.1" 200 132
::1 - - [14/Dec/2017:13:44:14 +0100] "GET /mysql/index.php?ajax_request=1&recent_table=1&token=d06bb4b64c3f9d4e6bfe031960500599&no_debug=true&_nocache=1513255454950321161 HTTP/1.1" 200 1429
::1 - - [14/Dec/2017:13:44:14 +0100] "POST /mysql/navigation.php?ajax_request=1&token=d06bb4b64c3f9d4e6bfe031960500599 HTTP/1.1" 200 2318
::1 - - [14/Dec/2017:13:44:20 +0100] "GET /mysql/tbl_sql.php?db=db_collections&table=t_collections&token=d06bb4b64c3f9d4e6bfe031960500599&ajax_request=true&ajax_page_request=true&_nocache=1513255460689332266 HTTP/1.1" 200 4904
::1 - - [14/Dec/2017:13:44:21 +0100] "GET /mysql/index.php?ajax_request=1&recent_table=1&token=d06bb4b64c3f9d4e6bfe031960500599&no_debug=true&_nocache=1513255461199504373 HTTP/1.1" 200 1429
::1 - - [14/Dec/2017:13:44:21 +0100] "POST /mysql/lint.php HTTP/1.1" 200 28
::1 - - [14/Dec/2017:13:44:45 +0100] "POST /mysql/db_sql_autocomplete.php HTTP/1.1" 200 1693
::1 - - [14/Dec/2017:13:44:45 +0100] "POST /mysql/lint.php HTTP/1.1" 200 28
::1 - - [14/Dec/2017:13:44:47 +0100] "POST /mysql/import.php HTTP/1.1" 200 3165
::1 - - [14/Dec/2017:13:44:50 +0100] "GET /mysql/tbl_sql.php?db=db_collections&table=t_collections&token=d06bb4b64c3f9d4e6bfe031960500599&ajax_request=true&ajax_page_request=true&_nocache=1513255490871584257 HTTP/1.1" 200 4904
::1 - - [14/Dec/2017:13:44:51 +0100] "GET /mysql/index.php?ajax_request=1&recent_table=1&token=d06bb4b64c3f9d4e6bfe031960500599&no_debug=true&_nocache=1513255491395478279 HTTP/1.1" 200 1429
::1 - - [14/Dec/2017:13:44:51 +0100] "POST /mysql/lint.php HTTP/1.1" 200 28
::1 - - [14/Dec/2017:13:45:03 +0100] "POST /mysql/db_sql_autocomplete.php HTTP/1.1" 200 1693
::1 - - [14/Dec/2017:13:45:04 +0100] "POST /mysql/lint.php HTTP/1.1" 200 28
::1 - - [14/Dec/2017:13:45:05 +0100] "POST /mysql/import.php HTTP/1.1" 200 3231
::1 - - [14/Dec/2017:13:45:08 +0100] "GET /mysql/tbl_sql.php?db=db_collections&table=t_collections&token=d06bb4b64c3f9d4e6bfe031960500599&ajax_request=true&ajax_page_request=true&_nocache=1513255508771897827 HTTP/1.1" 200 4904
::1 - - [14/Dec/2017:13:45:09 +0100] "GET /mysql/index.php?ajax_request=1&recent_table=1&token=d06bb4b64c3f9d4e6bfe031960500599&no_debug=true&_nocache=151325550929752137 HTTP/1.1" 200 1429
::1 - - [14/Dec/2017:13:45:09 +0100] "POST /mysql/lint.php HTTP/1.1" 200 28
::1 - - [14/Dec/2017:13:45:19 +0100] "POST /mysql/db_sql_autocomplete.php HTTP/1.1" 200 1693
::1 - - [14/Dec/2017:13:45:20 +0100] "POST /mysql/lint.php HTTP/1.1" 200 28
::1 - - [14/Dec/2017:13:45:21 +0100] "POST /mysql/import.php HTTP/1.1" 200 3164
::1 - - [14/Dec/2017:13:45:24 +0100] "GET /mysql/tbl_sql.php?db=db_collections&table=t_collections&token=d06bb4b64c3f9d4e6bfe031960500599&ajax_request=true&ajax_page_request=true&_nocache=1513255524569551781 HTTP/1.1" 200 4904
::1 - - [14/Dec/2017:13:45:25 +0100] "GET /mysql/index.php?ajax_request=1&recent_table=1&token=d06bb4b64c3f9d4e6bfe031960500599&no_debug=true&_nocache=1513255525092909312 HTTP/1.1" 200 1429
::1 - - [14/Dec/2017:13:45:25 +0100] "POST /mysql/lint.php HTTP/1.1" 200 28
::1 - - [14/Dec/2017:13:45:35 +0100] "POST /mysql/db_sql_autocomplete.php HTTP/1.1" 200 1693
::1 - - [14/Dec/2017:13:45:36 +0100] "POST /mysql/lint.php HTTP/1.1" 200 28
::1 - - [14/Dec/2017:13:45:37 +0100] "POST /mysql/import.php HTTP/1.1" 200 615
::1 - - [14/Dec/2017:13:46:05 +0100] "POST /mysql/lint.php HTTP/1.1" 200 28
::1 - - [14/Dec/2017:13:46:06 +0100] "POST /mysql/import.php HTTP/1.1" 200 3258
::1 - - [14/Dec/2017:13:46:09 +0100] "GET /mysql/tbl_sql.php?db=db_collections&table=t_collections&token=d06bb4b64c3f9d4e6bfe031960500599&ajax_request=true&ajax_page_request=true&_nocache=1513255568995966672 HTTP/1.1" 200 4904
::1 - - [14/Dec/2017:13:46:09 +0100] "GET /mysql/index.php?ajax_request=1&recent_table=1&token=d06bb4b64c3f9d4e6bfe031960500599&no_debug=true&_nocache=1513255569530358406 HTTP/1.1" 200 1429
::1 - - [14/Dec/2017:13:46:09 +0100] "POST /mysql/lint.php HTTP/1.1" 200 28
::1 - - [14/Dec/2017:13:46:24 +0100] "POST /mysql/db_sql_autocomplete.php HTTP/1.1" 200 1693
::1 - - [14/Dec/2017:13:46:24 +0100] "POST /mysql/lint.php HTTP/1.1" 200 28
::1 - - [14/Dec/2017:13:46:25 +0100] "POST /mysql/import.php HTTP/1.1" 200 3166
::1 - - [14/Dec/2017:13:46:27 +0100] "GET /mysql/tbl_sql.php?db=db_collections&table=t_collections&token=d06bb4b64c3f9d4e6bfe031960500599&ajax_request=true&ajax_page_request=true&_nocache=1513255587956966352 HTTP/1.1" 200 4904
::1 - - [14/Dec/2017:13:46:28 +0100] "GET /mysql/index.php?ajax_request=1&recent_table=1&token=d06bb4b64c3f9d4e6bfe031960500599&no_debug=true&_nocache=1513255588455505689 HTTP/1.1" 200 1429
::1 - - [14/Dec/2017:13:46:28 +0100] "POST /mysql/lint.php HTTP/1.1" 200 28
::1 - - [14/Dec/2017:13:46:38 +0100] "POST /mysql/db_sql_autocomplete.php HTTP/1.1" 200 1693
::1 - - [14/Dec/2017:13:46:38 +0100] "POST /mysql/lint.php HTTP/1.1" 200 28
::1 - - [14/Dec/2017:13:46:39 +0100] "POST /mysql/import.php HTTP/1.1" 200 563
::1 - - [14/Dec/2017:13:47:18 +0100] "GET /mysql/sql.php?server=1&db=db_collections&table=t_collections&pos=0&token=d06bb4b64c3f9d4e6bfe031960500599&ajax_request=true&ajax_page_request=true&_nocache=1513255638134130834 HTTP/1.1" 200 10492
::1 - - [14/Dec/2017:13:47:18 +0100] "GET /mysql/index.php?ajax_request=1&recent_table=1&token=d06bb4b64c3f9d4e6bfe031960500599&no_debug=true&_nocache=1513255638829917317 HTTP/1.1" 200 1429
::1 - - [14/Dec/2017:13:47:18 +0100] "POST /mysql/navigation.php?ajax_request=1&token=d06bb4b64c3f9d4e6bfe031960500599 HTTP/1.1" 200 2318
::1 - - [14/Dec/2017:13:47:24 +0100] "GET /mysql/sql.php?server=1&db=db_collections&table=t_collections&pos=0&token=d06bb4b64c3f9d4e6bfe031960500599&ajax_request=true&ajax_page_request=true&_nocache=1513255644570398422 HTTP/1.1" 200 9838
::1 - - [14/Dec/2017:13:47:25 +0100] "GET /mysql/index.php?ajax_request=1&recent_table=1&token=d06bb4b64c3f9d4e6bfe031960500599&no_debug=true&_nocache=1513255645297745975 HTTP/1.1" 200 1429
::1 - - [14/Dec/2017:13:47:25 +0100] "POST /mysql/navigation.php?ajax_request=1&token=d06bb4b64c3f9d4e6bfe031960500599 HTTP/1.1" 200 2318
::1 - - [15/Dec/2017:08:55:28 +0100] "GET /mysql/ HTTP/1.1" 200 3059
::1 - - [15/Dec/2017:08:55:29 +0100] "GET /mysql/js/whitelist.php?lang=fr&db=&token=5e577c868032310b16e11f9bf0a8dfe0&v=4.5.4.1 HTTP/1.1" 200 482
::1 - - [15/Dec/2017:08:55:29 +0100] "GET /mysql/js/messages.php?lang=fr&db=&token=5e577c868032310b16e11f9bf0a8dfe0&v=4.5.4.1 HTTP/1.1" 200 9507
::1 - - [15/Dec/2017:08:55:30 +0100] "GET /mysql/js/get_image.js.php?theme=pmahomme&v=4.5.4.1 HTTP/1.1" 200 1822
::1 - - [15/Dec/2017:08:55:30 +0100] "GET /mysql/db_import.php?db=db_redwire&token=d06bb4b64c3f9d4e6bfe031960500599 HTTP/1.1" 200 3115
::1 - - [15/Dec/2017:08:55:30 +0100] "GET /mysql/js/get_scripts.js.php?scripts%5B%5D=common.js&scripts%5B%5D=config.js&scripts%5B%5D=page_settings.js&scripts%5B%5D=codemirror/lib/codemirror.js&scripts%5B%5D=codemirror/mode/sql/sql.js&scripts%5B%5D=codemirror/addon/runmode/runmode.js&scripts%5B%5D=codemirror/addon/hint/show-hint.js&scripts%5B%5D=codemirror/addon/hint/sql-hint.js&scripts%5B%5D=codemirror/addon/lint/lint.js&scripts%5B%5D=codemirror/addon/lint/sql-lint.js&scripts%5B%5D=console.js&v=4.5.4.1 HTTP/1.1" 200 129440
::1 - - [15/Dec/2017:08:55:30 +0100] "GET /mysql/phpmyadmin.css.php?nocache=4363588756ltr HTTP/1.1" 200 20076
::1 - - [15/Dec/2017:08:55:30 +0100] "GET /mysql/js/get_scripts.js.php?scripts%5B%5D=jquery/jquery-1.11.1.min.js&scripts%5B%5D=sprintf.js&scripts%5B%5D=ajax.js&scripts%5B%5D=keyhandler.js&scripts%5B%5D=jquery/jquery-ui-1.11.2.min.js&scripts%5B%5D=jquery/jquery.cookie.js&scripts%5B%5D=jquery/jquery.mousewheel.js&scripts%5B%5D=jquery/jquery.event.drag-2.2.js&scripts%5B%5D=jquery/jquery-ui-timepicker-addon.js&scripts%5B%5D=jquery/jquery.ba-hashchange-1.3.js&scripts%5B%5D=jquery/jquery.debounce-1.0.5.js&scripts%5B%5D=menu-resizer.js&scripts%5B%5D=cross_framing_protection.js&scripts%5B%5D=rte.js&scripts%5B%5D=tracekit/tracekit.js&scripts%5B%5D=error_report.js&scripts%5B%5D=doclinks.js&scripts%5B%5D=functions.js&scripts%5B%5D=navigation.js&scripts%5B%5D=indexes.js&v=4.5.4.1 HTTP/1.1" 200 216429
::1 - - [15/Dec/2017:08:55:33 +0100] "GET /mysql/themes/pmahomme/jquery/jquery-ui-1.11.2.css HTTP/1.1" 200 35212
::1 - - [15/Dec/2017:08:55:33 +0100] "GET /mysql/js/codemirror/addon/hint/show-hint.css?v=4.5.4.1 HTTP/1.1" 200 662
::1 - - [15/Dec/2017:08:55:33 +0100] "GET /mysql/js/codemirror/addon/lint/lint.css?v=4.5.4.1 HTTP/1.1" 200 3068
::1 - - [15/Dec/2017:08:55:33 +0100] "GET /mysql/js/codemirror/lib/codemirror.css?v=4.5.4.1 HTTP/1.1" 200 7771
::1 - - [15/Dec/2017:08:55:33 +0100] "GET /mysql/themes/pmahomme/css/printview.css?v=4.5.4.1 HTTP/1.1" 200 3082
::1 - - [15/Dec/2017:08:55:33 +0100] "GET /mysql/js/get_scripts.js.php?scripts%5B%5D=common.js&scripts%5B%5D=config.js&scripts%5B%5D=page_settings.js&scripts%5B%5D=codemirror/lib/codemirror.js&scripts%5B%5D=codemirror/mode/sql/sql.js&scripts%5B%5D=codemirror/addon/runmode/runmode.js&scripts%5B%5D=codemirror/addon/hint/show-hint.js&scripts%5B%5D=codemirror/addon/hint/sql-hint.js&scripts%5B%5D=codemirror/addon/lint/lint.js&scripts%5B%5D=codemirror/addon/lint/sql-lint.js&scripts%5B%5D=console.js&v=4.5.4.1 HTTP/1.1" 200 129440
::1 - - [15/Dec/2017:08:55:33 +0100] "GET /mysql/phpmyadmin.css.php?nocache=4363588756ltr HTTP/1.1" 200 20076
::1 - - [15/Dec/2017:08:55:33 +0100] "GET /mysql/js/whitelist.php?lang=fr&db=db_redwire&collation_connection=utf8_unicode_ci&token=9e6f7f9be838d2e38c08bd34617ca242&v=4.5.4.1 HTTP/1.1" 200 482
::1 - - [15/Dec/2017:08:55:33 +0100] "GET /mysql/js/get_scripts.js.php?scripts%5B%5D=jquery/jquery-1.11.1.min.js&scripts%5B%5D=sprintf.js&scripts%5B%5D=ajax.js&scripts%5B%5D=keyhandler.js&scripts%5B%5D=jquery/jquery-ui-1.11.2.min.js&scripts%5B%5D=jquery/jquery.cookie.js&scripts%5B%5D=jquery/jquery.mousewheel.js&scripts%5B%5D=jquery/jquery.event.drag-2.2.js&scripts%5B%5D=jquery/jquery-ui-timepicker-addon.js&scripts%5B%5D=jquery/jquery.ba-hashchange-1.3.js&scripts%5B%5D=jquery/jquery.debounce-1.0.5.js&scripts%5B%5D=menu-resizer.js&scripts%5B%5D=cross_framing_protection.js&scripts%5B%5D=rte.js&scripts%5B%5D=tracekit/tracekit.js&scripts%5B%5D=error_report.js&scripts%5B%5D=doclinks.js&scripts%5B%5D=functions.js&scripts%5B%5D=navigation.js&scripts%5B%5D=indexes.js&v=4.5.4.1 HTTP/1.1" 200 216429
::1 - - [15/Dec/2017:08:55:33 +0100] "GET /mysql/js/get_image.js.php?theme=pmahomme&v=4.5.4.1 HTTP/1.1" 200 1822
::1 - - [15/Dec/2017:08:55:33 +0100] "GET /mysql/js/messages.php?lang=fr&db=db_redwire&collation_connection=utf8_unicode_ci&token=9e6f7f9be838d2e38c08bd34617ca242&v=4.5.4.1 HTTP/1.1" 200 9507
::1 - - [15/Dec/2017:08:55:34 +0100] "POST /mysql/index.php HTTP/1.1" 302 25
::1 - - [15/Dec/2017:08:55:35 +0100] "GET /mysql/themes/dot.gif HTTP/1.1" 200 43
::1 - - [15/Dec/2017:08:55:35 +0100] "GET /mysql/themes/pmahomme/img/logo_right.png HTTP/1.1" 200 4548
::1 - - [15/Dec/2017:08:55:36 +0100] "GET /mysql/themes/pmahomme/img/sprites.png?v=4.5.4.1 HTTP/1.1" 200 46795
::1 - - [15/Dec/2017:08:55:35 +0100] "GET /mysql/index.php?token=5e577c868032310b16e11f9bf0a8dfe0 HTTP/1.1" 200 13578
::1 - - [15/Dec/2017:08:55:36 +0100] "GET /mysql/phpmyadmin.css.php?nocache=5876913291ltr HTTP/1.1" 200 20076
::1 - - [15/Dec/2017:08:55:36 +0100] "GET /mysql/version_check.php?server=1&_nocache=1513324536890248628 HTTP/1.1" 200 39
::1 - - [15/Dec/2017:08:55:36 +0100] "POST /mysql/db_structure.php?ajax_request=1&favorite_table=1&sync_favorite_tables=1&token=5e577c868032310b16e11f9bf0a8dfe0 HTTP/1.1" 200 164
::1 - - [15/Dec/2017:08:55:44 +0100] "GET /mysql/server_databases.php?db=&token=5e577c868032310b16e11f9bf0a8dfe0&ajax_request=true&ajax_page_request=true&_nocache=1513324544455450596 HTTP/1.1" 200 5663
::1 - - [15/Dec/2017:08:55:45 +0100] "GET /mysql/js/get_scripts.js.php?scripts%5B%5D=server_databases.js&call_done=1&v=4.5.4.1 HTTP/1.1" 200 1707
::1 - - [15/Dec/2017:08:55:50 +0100] "POST /mysql/server_databases.php?pos=0&dbstats=0&sort_by=SCHEMA_NAME&sort_order=asc&token=5e577c868032310b16e11f9bf0a8dfe0&selected_dbs%5B%5D=db_collections&selected_dbs%5B%5D=db_redwire&drop_selected_dbs=1&is_js_confirmed=1&ajax_request=true HTTP/1.1" 200 1939
::1 - - [15/Dec/2017:08:55:50 +0100] "GET /mysql/server_databases.php?token=5e577c868032310b16e11f9bf0a8dfe0&server=1&db=&table=&ajax_request=true&ajax_page_request=true&_nocache=1513324550888454630 HTTP/1.1" 200 4744
::1 - - [15/Dec/2017:08:55:50 +0100] "POST /mysql/navigation.php?ajax_request=1&token=5e577c868032310b16e11f9bf0a8dfe0 HTTP/1.1" 200 1798
::1 - - [15/Dec/2017:08:55:51 +0100] "POST /mysql/navigation.php?ajax_request=1&token=5e577c868032310b16e11f9bf0a8dfe0 HTTP/1.1" 200 1798
::1 - - [15/Dec/2017:08:55:57 +0100] "GET /mysql/index.php?token=5e577c868032310b16e11f9bf0a8dfe0&ajax_request=true&ajax_page_request=true&_nocache=1513324557580558621 HTTP/1.1" 200 6851
::1 - - [15/Dec/2017:08:55:58 +0100] "GET /mysql/version_check.php?server=1&_nocache=1513324558128762208 HTTP/1.1" 200 39
::1 - - [15/Dec/2017:08:55:58 +0100] "POST /mysql/db_structure.php?ajax_request=1&favorite_table=1&sync_favorite_tables=1&token=5e577c868032310b16e11f9bf0a8dfe0 HTTP/1.1" 200 164
::1 - - [15/Dec/2017:08:56:00 +0100] "GET /mysql/prefs_manage.php?db=&token=5e577c868032310b16e11f9bf0a8dfe0&ajax_request=true&ajax_page_request=true&_nocache=1513324560870180222 HTTP/1.1" 200 2813
::1 - - [15/Dec/2017:08:56:04 +0100] "GET /mysql/prefs_manage.php?token=5e577c868032310b16e11f9bf0a8dfe0&ajax_request=true&ajax_page_request=true&_nocache=1513324564474417732 HTTP/1.1" 200 2813
::1 - - [15/Dec/2017:08:56:05 +0100] "GET /mysql/prefs_forms.php?form=Features&token=5e577c868032310b16e11f9bf0a8dfe0&ajax_request=true&ajax_page_request=true&_nocache=1513324565859728335 HTTP/1.1" 200 5754
::1 - - [15/Dec/2017:08:56:15 +0100] "POST /mysql/prefs_forms.php?form=Features&token=5e577c868032310b16e11f9bf0a8dfe0&ajax_request=true&ajax_page_request=true&_nocache=1513324565859728335 HTTP/1.1" 302 1390
::1 - - [15/Dec/2017:08:56:15 +0100] "GET /mysql/prefs_forms.php?form=Features&saved=1&token=5e577c868032310b16e11f9bf0a8dfe0 HTTP/1.1" 200 9177
::1 - - [15/Dec/2017:08:56:16 +0100] "GET /mysql/phpmyadmin.css.php?nocache=5876913331ltr HTTP/1.1" 200 20076
::1 - - [29/Jan/2020:11:27:00 +0100] "GET /mysql/ HTTP/1.1" 200 3083
::1 - - [29/Jan/2020:11:27:01 +0100] "GET /mysql/themes/pmahomme/jquery/jquery-ui-1.11.2.css HTTP/1.1" 200 35212
::1 - - [29/Jan/2020:11:27:01 +0100] "GET /mysql/themes/pmahomme/css/printview.css?v=4.5.4.1 HTTP/1.1" 200 3082
::1 - - [29/Jan/2020:11:27:01 +0100] "GET /mysql/js/codemirror/lib/codemirror.css?v=4.5.4.1 HTTP/1.1" 200 7771
::1 - - [29/Jan/2020:11:27:01 +0100] "GET /mysql/js/codemirror/addon/lint/lint.css?v=4.5.4.1 HTTP/1.1" 200 3068
::1 - - [29/Jan/2020:11:27:01 +0100] "GET /mysql/js/codemirror/addon/hint/show-hint.css?v=4.5.4.1 HTTP/1.1" 200 662
::1 - - [29/Jan/2020:11:27:01 +0100] "GET /mysql/js/whitelist.php?lang=fr&db=&collation_connection=utf8_unicode_ci&token=db0a5fe39dd4613cf8f8aca77a33639d&v=4.5.4.1 HTTP/1.1" 200 482
::1 - - [29/Jan/2020:11:27:02 +0100] "GET /mysql/themes/pmahomme/img/logo_right.png HTTP/1.1" 200 4548
::1 - - [29/Jan/2020:11:27:02 +0100] "GET /mysql/themes/dot.gif HTTP/1.1" 200 43
::1 - - [29/Jan/2020:11:27:01 +0100] "GET /mysql/phpmyadmin.css.php?nocache=4363588756ltr HTTP/1.1" 200 20076
::1 - - [29/Jan/2020:11:27:01 +0100] "GET /mysql/js/get_scripts.js.php?scripts%5B%5D=common.js&scripts%5B%5D=config.js&scripts%5B%5D=page_settings.js&scripts%5B%5D=codemirror/lib/codemirror.js&scripts%5B%5D=codemirror/mode/sql/sql.js&scripts%5B%5D=codemirror/addon/runmode/runmode.js&scripts%5B%5D=codemirror/addon/hint/show-hint.js&scripts%5B%5D=codemirror/addon/hint/sql-hint.js&scripts%5B%5D=codemirror/addon/lint/lint.js&scripts%5B%5D=codemirror/addon/lint/sql-lint.js&scripts%5B%5D=console.js&v=4.5.4.1 HTTP/1.1" 200 129440
::1 - - [29/Jan/2020:11:27:01 +0100] "GET /mysql/js/messages.php?lang=fr&db=&collation_connection=utf8_unicode_ci&token=db0a5fe39dd4613cf8f8aca77a33639d&v=4.5.4.1 HTTP/1.1" 200 9507
::1 - - [29/Jan/2020:11:27:01 +0100] "GET /mysql/js/get_image.js.php?theme=pmahomme&v=4.5.4.1 HTTP/1.1" 200 1822
::1 - - [29/Jan/2020:11:27:01 +0100] "GET /mysql/js/get_scripts.js.php?scripts%5B%5D=jquery/jquery-1.11.1.min.js&scripts%5B%5D=sprintf.js&scripts%5B%5D=ajax.js&scripts%5B%5D=keyhandler.js&scripts%5B%5D=jquery/jquery-ui-1.11.2.min.js&scripts%5B%5D=jquery/jquery.cookie.js&scripts%5B%5D=jquery/jquery.mousewheel.js&scripts%5B%5D=jquery/jquery.event.drag-2.2.js&scripts%5B%5D=jquery/jquery-ui-timepicker-addon.js&scripts%5B%5D=jquery/jquery.ba-hashchange-1.3.js&scripts%5B%5D=jquery/jquery.debounce-1.0.5.js&scripts%5B%5D=menu-resizer.js&scripts%5B%5D=cross_framing_protection.js&scripts%5B%5D=rte.js&scripts%5B%5D=tracekit/tracekit.js&scripts%5B%5D=error_report.js&scripts%5B%5D=doclinks.js&scripts%5B%5D=functions.js&scripts%5B%5D=navigation.js&scripts%5B%5D=indexes.js&v=4.5.4.1 HTTP/1.1" 200 216429
::1 - - [29/Jan/2020:11:27:04 +0100] "GET /mysql/favicon.ico HTTP/1.1" 200 22486
::1 - - [29/Jan/2020:11:27:04 +0100] "GET /mysql/themes/pmahomme/img/sprites.png?v=4.5.4.1 HTTP/1.1" 200 46795
::1 - - [29/Jan/2020:11:27:08 +0100] "POST /mysql/index.php HTTP/1.1" 302 25
::1 - - [29/Jan/2020:11:27:08 +0100] "GET /mysql/index.php?token=db0a5fe39dd4613cf8f8aca77a33639d HTTP/1.1" 200 13397
::1 - - [29/Jan/2020:11:27:10 +0100] "GET /mysql/themes/pmahomme/img/s_collapseall.png HTTP/1.1" 200 170
::1 - - [29/Jan/2020:11:27:10 +0100] "GET /mysql/themes/pmahomme/img/logo_left.png HTTP/1.1" 200 2327
::1 - - [29/Jan/2020:11:27:10 +0100] "GET /mysql/themes/pmahomme/img/ajax_clock_small.gif HTTP/1.1" 200 1810
::1 - - [29/Jan/2020:11:27:10 +0100] "GET /mysql/phpmyadmin.css.php?nocache=5943882385ltr HTTP/1.1" 200 20076
::1 - - [29/Jan/2020:11:27:10 +0100] "GET /mysql/js/whitelist.php?lang=fr&db=&token=db0a5fe39dd4613cf8f8aca77a33639d&v=4.5.4.1 HTTP/1.1" 200 482
::1 - - [29/Jan/2020:11:27:10 +0100] "GET /mysql/js/messages.php?lang=fr&db=&token=db0a5fe39dd4613cf8f8aca77a33639d&v=4.5.4.1 HTTP/1.1" 200 9507
::1 - - [29/Jan/2020:11:27:11 +0100] "GET /mysql/themes/pmahomme/img/left_nav_bg.png HTTP/1.1" 200 297
::1 - - [29/Jan/2020:11:27:11 +0100] "POST /mysql/db_structure.php?ajax_request=1&favorite_table=1&sync_favorite_tables=1&token=db0a5fe39dd4613cf8f8aca77a33639d HTTP/1.1" 200 164
::1 - - [29/Jan/2020:11:27:11 +0100] "GET /mysql/version_check.php?server=1&_nocache=1580293631729186598 HTTP/1.1" 200 39
::1 - - [29/Jan/2020:11:27:17 +0100] "GET /mysql/server_import.php?db=&token=db0a5fe39dd4613cf8f8aca77a33639d&ajax_request=true&ajax_page_request=true&_nocache=1580293637809573744 HTTP/1.1" 200 6173
::1 - - [29/Jan/2020:11:27:19 +0100] "GET /mysql/js/get_scripts.js.php?scripts%5B%5D=import.js&call_done=1&v=4.5.4.1 HTTP/1.1" 200 1803
::1 - - [29/Jan/2020:11:29:44 +0100] "POST /mysql/import.php HTTP/1.1" 200 8597
::1 - - [29/Jan/2020:11:29:49 +0100] "GET /mysql/phpmyadmin.css.php?nocache=5876913331ltr HTTP/1.1" 200 20076
::1 - - [29/Jan/2020:11:29:49 +0100] "POST /mysql/navigation.php?ajax_request=1&token=db0a5fe39dd4613cf8f8aca77a33639d HTTP/1.1" 200 2178
::1 - - [29/Jan/2020:11:29:54 +0100] "GET /mysql/navigation.php?ajax_request=1&token=db0a5fe39dd4613cf8f8aca77a33639d&aPath=cm9vdA%3D%3D.ZGJfcmVkd2lyZQ%3D%3D&vPath=cm9vdA%3D%3D.ZGJfcmVkd2lyZQ%3D%3D&pos=0&pos2_name=&pos2_value=&searchClause=&searchClause2=&_nocache=1580293794618938425 HTTP/1.1" 200 2056
::1 - - [27/Jan/2021:09:57:37 +0100] "GET /mysql/ HTTP/1.1" 200 3085
::1 - - [27/Jan/2021:09:57:38 +0100] "GET /mysql/themes/pmahomme/jquery/jquery-ui-1.11.2.css HTTP/1.1" 200 35212
::1 - - [27/Jan/2021:09:57:38 +0100] "GET /mysql/themes/pmahomme/css/printview.css?v=4.5.4.1 HTTP/1.1" 200 3082
::1 - - [27/Jan/2021:09:57:38 +0100] "GET /mysql/js/codemirror/lib/codemirror.css?v=4.5.4.1 HTTP/1.1" 200 7771
::1 - - [27/Jan/2021:09:57:38 +0100] "GET /mysql/js/codemirror/addon/lint/lint.css?v=4.5.4.1 HTTP/1.1" 200 3068
::1 - - [27/Jan/2021:09:57:38 +0100] "GET /mysql/js/codemirror/addon/hint/show-hint.css?v=4.5.4.1 HTTP/1.1" 200 662
::1 - - [27/Jan/2021:09:57:38 +0100] "GET /mysql/js/get_scripts.js.php?scripts%5B%5D=jquery/jquery-1.11.1.min.js&scripts%5B%5D=sprintf.js&scripts%5B%5D=ajax.js&scripts%5B%5D=keyhandler.js&scripts%5B%5D=jquery/jquery-ui-1.11.2.min.js&scripts%5B%5D=jquery/jquery.cookie.js&scripts%5B%5D=jquery/jquery.mousewheel.js&scripts%5B%5D=jquery/jquery.event.drag-2.2.js&scripts%5B%5D=jquery/jquery-ui-timepicker-addon.js&scripts%5B%5D=jquery/jquery.ba-hashchange-1.3.js&scripts%5B%5D=jquery/jquery.debounce-1.0.5.js&scripts%5B%5D=menu-resizer.js&scripts%5B%5D=cross_framing_protection.js&scripts%5B%5D=rte.js&scripts%5B%5D=tracekit/tracekit.js&scripts%5B%5D=error_report.js&scripts%5B%5D=doclinks.js&scripts%5B%5D=functions.js&scripts%5B%5D=navigation.js&scripts%5B%5D=indexes.js&v=4.5.4.1 HTTP/1.1" 200 216429
::1 - - [27/Jan/2021:09:57:38 +0100] "GET /mysql/js/get_scripts.js.php?scripts%5B%5D=common.js&scripts%5B%5D=config.js&scripts%5B%5D=page_settings.js&scripts%5B%5D=codemirror/lib/codemirror.js&scripts%5B%5D=codemirror/mode/sql/sql.js&scripts%5B%5D=codemirror/addon/runmode/runmode.js&scripts%5B%5D=codemirror/addon/hint/show-hint.js&scripts%5B%5D=codemirror/addon/hint/sql-hint.js&scripts%5B%5D=codemirror/addon/lint/lint.js&scripts%5B%5D=codemirror/addon/lint/sql-lint.js&scripts%5B%5D=console.js&v=4.5.4.1 HTTP/1.1" 200 129440
::1 - - [27/Jan/2021:09:57:38 +0100] "GET /mysql/js/whitelist.php?lang=fr&db=&collation_connection=utf8_unicode_ci&token=932edd7b09e9b050eecc2e925f21f941&v=4.5.4.1 HTTP/1.1" 200 482
::1 - - [27/Jan/2021:09:57:38 +0100] "GET /mysql/phpmyadmin.css.php?nocache=4363588756ltr HTTP/1.1" 200 20076
::1 - - [27/Jan/2021:09:57:38 +0100] "GET /mysql/js/get_image.js.php?theme=pmahomme&v=4.5.4.1 HTTP/1.1" 200 1822
::1 - - [27/Jan/2021:09:57:40 +0100] "GET /mysql/themes/pmahomme/img/logo_right.png HTTP/1.1" 200 4548
::1 - - [27/Jan/2021:09:57:40 +0100] "GET /mysql/themes/dot.gif HTTP/1.1" 200 43
::1 - - [27/Jan/2021:09:57:38 +0100] "GET /mysql/js/messages.php?lang=fr&db=&collation_connection=utf8_unicode_ci&token=932edd7b09e9b050eecc2e925f21f941&v=4.5.4.1 HTTP/1.1" 200 9507
::1 - - [27/Jan/2021:09:57:40 +0100] "GET /mysql/themes/pmahomme/img/sprites.png?v=4.5.4.1 HTTP/1.1" 200 46795
::1 - - [27/Jan/2021:09:57:41 +0100] "GET /mysql/favicon.ico HTTP/1.1" 200 22486
::1 - - [27/Jan/2021:09:57:46 +0100] "POST /mysql/index.php HTTP/1.1" 302 25
::1 - - [27/Jan/2021:09:57:46 +0100] "GET /mysql/index.php?token=932edd7b09e9b050eecc2e925f21f941 HTTP/1.1" 200 13444
::1 - - [27/Jan/2021:09:57:47 +0100] "GET /mysql/phpmyadmin.css.php?nocache=5975326623ltr HTTP/1.1" 200 20076
::1 - - [27/Jan/2021:09:57:47 +0100] "GET /mysql/js/messages.php?lang=fr&db=&token=932edd7b09e9b050eecc2e925f21f941&v=4.5.4.1 HTTP/1.1" 200 9507
::1 - - [27/Jan/2021:09:57:48 +0100] "GET /mysql/themes/pmahomme/img/logo_left.png HTTP/1.1" 200 2327
::1 - - [27/Jan/2021:09:57:48 +0100] "GET /mysql/themes/pmahomme/img/ajax_clock_small.gif HTTP/1.1" 200 1810
::1 - - [27/Jan/2021:09:57:48 +0100] "GET /mysql/themes/pmahomme/img/s_collapseall.png HTTP/1.1" 200 170
::1 - - [27/Jan/2021:09:57:47 +0100] "GET /mysql/js/whitelist.php?lang=fr&db=&token=932edd7b09e9b050eecc2e925f21f941&v=4.5.4.1 HTTP/1.1" 200 482
::1 - - [27/Jan/2021:09:57:48 +0100] "GET /mysql/themes/pmahomme/img/left_nav_bg.png HTTP/1.1" 200 297
::1 - - [27/Jan/2021:09:57:48 +0100] "POST /mysql/db_structure.php?ajax_request=1&favorite_table=1&sync_favorite_tables=1&token=932edd7b09e9b050eecc2e925f21f941 HTTP/1.1" 200 164
::1 - - [27/Jan/2021:09:57:48 +0100] "GET /mysql/version_check.php?server=1&_nocache=1611737868579446433 HTTP/1.1" 200 39
::1 - - [27/Jan/2021:09:57:55 +0100] "GET /mysql/navigation.php?ajax_request=1&token=932edd7b09e9b050eecc2e925f21f941&aPath=cm9vdA%3D%3D.ZGJfcmVkd2lyZQ%3D%3D&vPath=cm9vdA%3D%3D.ZGJfcmVkd2lyZQ%3D%3D&pos=0&pos2_name=&pos2_value=&searchClause=&searchClause2=&_nocache=1611737875154834249 HTTP/1.1" 200 2060
::1 - - [27/Jan/2021:09:57:58 +0100] "GET /mysql/sql.php?server=1&db=db_redwire&table=t_article&pos=0&token=932edd7b09e9b050eecc2e925f21f941&ajax_request=true&ajax_page_request=true&_nocache=1611737878035735333 HTTP/1.1" 200 4652
::1 - - [27/Jan/2021:09:57:58 +0100] "GET /mysql/js/get_scripts.js.php?scripts%5B%5D=jquery/jquery.uitablefilter.js&scripts%5B%5D=tbl_change.js&scripts%5B%5D=gis_data_editor.js&scripts%5B%5D=multi_column_sort.js&call_done=1&v=4.5.4.1 HTTP/1.1" 200 12242
::1 - - [27/Jan/2021:09:57:59 +0100] "POST /mysql/navigation.php?ajax_request=1&token=932edd7b09e9b050eecc2e925f21f941 HTTP/1.1" 200 2733
::1 - - [27/Jan/2021:09:57:59 +0100] "GET /mysql/index.php?ajax_request=1&recent_table=1&token=932edd7b09e9b050eecc2e925f21f941&no_debug=true&_nocache=1611737879238241455 HTTP/1.1" 200 1455
::1 - - [27/Jan/2021:09:58:01 +0100] "GET /mysql/sql.php?server=1&db=db_redwire&table=t_client&pos=0&token=932edd7b09e9b050eecc2e925f21f941&ajax_request=true&ajax_page_request=true&_nocache=1611737881286377367 HTTP/1.1" 200 4651
::1 - - [27/Jan/2021:09:58:01 +0100] "GET /mysql/index.php?ajax_request=1&recent_table=1&token=932edd7b09e9b050eecc2e925f21f941&no_debug=true&_nocache=1611737881816999014 HTTP/1.1" 200 1466
::1 - - [27/Jan/2021:09:58:01 +0100] "POST /mysql/navigation.php?ajax_request=1&token=932edd7b09e9b050eecc2e925f21f941 HTTP/1.1" 200 2746
::1 - - [27/Jan/2021:09:58:03 +0100] "GET /mysql/db_structure.php?server=1&db=db_redwire&token=932edd7b09e9b050eecc2e925f21f941&ajax_request=true&ajax_page_request=true&_nocache=1611737883176500050 HTTP/1.1" 200 5590
::1 - - [27/Jan/2021:09:58:05 +0100] "GET /mysql/themes/pmahomme/img/arrow_ltr.png HTTP/1.1" 200 139
::1 - - [27/Jan/2021:09:58:05 +0100] "GET /mysql/js/get_scripts.js.php?scripts%5B%5D=db_structure.js&call_done=1&v=4.5.4.1 HTTP/1.1" 200 3721
::1 - - [27/Jan/2021:09:58:05 +0100] "POST /mysql/navigation.php?ajax_request=1&token=932edd7b09e9b050eecc2e925f21f941 HTTP/1.1" 200 2746
::1 - - [27/Jan/2021:09:58:21 +0100] "GET / HTTP/1.1" 200 1599
::1 - - [27/Jan/2021:09:58:21 +0100] "GET /?getimg=title HTTP/1.1" 200 6119
::1 - - [27/Jan/2021:09:58:21 +0100] "GET /?getimg=folder HTTP/1.1" 200 537
::1 - - [27/Jan/2021:09:58:21 +0100] "GET /?getimg=favicon HTTP/1.1" 200 5430
