[Thu Dec 14 13:36:00.043972 2017] [ssl:warn] [pid 11696:tid 324] AH01906: main-serveur:443:0 server certificate is a CA certificate (BasicConstraints: CA == TRUE !?)
[Thu Dec 14 13:36:00.043972 2017] [ssl:warn] [pid 11696:tid 324] AH01909: main-serveur:443:0 server certificate does NOT include an ID which matches the server name
[Thu Dec 14 13:36:00.355972 2017] [ssl:warn] [pid 11696:tid 324] AH01873: Init: Session Cache is not configured [hint: SSLSessionCache]
[Thu Dec 14 13:36:00.355972 2017] [ssl:warn] [pid 11696:tid 324] AH01906: main-serveur:443:0 server certificate is a CA certificate (BasicConstraints: CA == TRUE !?)
[Thu Dec 14 13:36:00.355972 2017] [ssl:warn] [pid 11696:tid 324] AH01909: main-serveur:443:0 server certificate does NOT include an ID which matches the server name
[Thu Dec 14 13:36:00.418372 2017] [mpm_winnt:notice] [pid 11696:tid 324] AH00455: Apache/2.4.18 (Win32) OpenSSL/1.0.2f PHP/5.6.18 configured -- resuming normal operations
[Thu Dec 14 13:36:00.418372 2017] [mpm_winnt:notice] [pid 11696:tid 324] AH00456: Server built: Jan 28 2016 09:58:25
[Thu Dec 14 13:36:00.418372 2017] [core:notice] [pid 11696:tid 324] AH00094: Command line: 'D:\\Applications\\Applications-publics\\UwAmp\\bin\\apache\\bin\\httpd.exe -d D:/Applications/Applications-publics/UwAmp/bin/apache -f D:\\Applications\\Applications-publics\\UwAmp\\bin\\apache\\conf\\httpd.conf'
[Thu Dec 14 13:36:00.433972 2017] [mpm_winnt:notice] [pid 11696:tid 324] AH00418: Parent: Created child process 4420
[Thu Dec 14 13:36:01.229572 2017] [ssl:warn] [pid 4420:tid 336] AH01906: main-serveur:443:0 server certificate is a CA certificate (BasicConstraints: CA == TRUE !?)
[Thu Dec 14 13:36:01.229572 2017] [ssl:warn] [pid 4420:tid 336] AH01909: main-serveur:443:0 server certificate does NOT include an ID which matches the server name
[Thu Dec 14 13:36:01.479172 2017] [ssl:warn] [pid 4420:tid 336] AH01873: Init: Session Cache is not configured [hint: SSLSessionCache]
[Thu Dec 14 13:36:01.479172 2017] [ssl:warn] [pid 4420:tid 336] AH01906: main-serveur:443:0 server certificate is a CA certificate (BasicConstraints: CA == TRUE !?)
[Thu Dec 14 13:36:01.479172 2017] [ssl:warn] [pid 4420:tid 336] AH01909: main-serveur:443:0 server certificate does NOT include an ID which matches the server name
[Thu Dec 14 13:36:01.494772 2017] [mpm_winnt:notice] [pid 4420:tid 336] AH00354: Child: Starting 64 worker threads.
[Thu Dec 14 13:48:18.001187 2017] [mpm_winnt:crit] [pid 4420:tid 336] AH02538: Child: Parent process exited abruptly. Child process is ending
[Thu Dec 14 13:48:18.001187 2017] [mpm_winnt:warn] [pid 4420:tid 4] (OS 995)L’opération d’entrée/sortie a été abandonnée en raison de l’arrêt d’un thread ou à la demande d’une application.  : AH00341: winnt_accept: Asynchronous AcceptEx failed.
[Thu Dec 14 13:48:18.001187 2017] [mpm_winnt:warn] [pid 4420:tid 484] (OS 995)L’opération d’entrée/sortie a été abandonnée en raison de l’arrêt d’un thread ou à la demande d’une application.  : AH00341: winnt_accept: Asynchronous AcceptEx failed.
[Thu Dec 14 13:48:18.001187 2017] [mpm_winnt:warn] [pid 4420:tid 1104] (OS 995)L’opération d’entrée/sortie a été abandonnée en raison de l’arrêt d’un thread ou à la demande d’une application.  : AH00341: winnt_accept: Asynchronous AcceptEx failed.
[Thu Dec 14 13:48:18.001187 2017] [mpm_winnt:warn] [pid 4420:tid 492] (OS 995)L’opération d’entrée/sortie a été abandonnée en raison de l’arrêt d’un thread ou à la demande d’une application.  : AH00341: winnt_accept: Asynchronous AcceptEx failed.
[Fri Dec 15 08:55:26.586682 2017] [ssl:warn] [pid 1072:tid 324] AH01906: main-serveur:443:0 server certificate is a CA certificate (BasicConstraints: CA == TRUE !?)
[Fri Dec 15 08:55:26.586682 2017] [ssl:warn] [pid 1072:tid 324] AH01909: main-serveur:443:0 server certificate does NOT include an ID which matches the server name
[Fri Dec 15 08:55:26.617882 2017] [core:warn] [pid 1072:tid 324] AH00098: pid file D:/Applications/Applications-publics/UwAmp/bin/apache/logs/httpd.pid overwritten -- Unclean shutdown of previous Apache run?
[Fri Dec 15 08:55:26.789481 2017] [ssl:warn] [pid 1072:tid 324] AH01873: Init: Session Cache is not configured [hint: SSLSessionCache]
[Fri Dec 15 08:55:26.789481 2017] [ssl:warn] [pid 1072:tid 324] AH01906: main-serveur:443:0 server certificate is a CA certificate (BasicConstraints: CA == TRUE !?)
[Fri Dec 15 08:55:26.789481 2017] [ssl:warn] [pid 1072:tid 324] AH01909: main-serveur:443:0 server certificate does NOT include an ID which matches the server name
[Fri Dec 15 08:55:27.148279 2017] [mpm_winnt:notice] [pid 1072:tid 324] AH00455: Apache/2.4.18 (Win32) OpenSSL/1.0.2f PHP/5.6.18 configured -- resuming normal operations
[Fri Dec 15 08:55:27.148279 2017] [mpm_winnt:notice] [pid 1072:tid 324] AH00456: Server built: Jan 28 2016 09:58:25
[Fri Dec 15 08:55:27.148279 2017] [core:notice] [pid 1072:tid 324] AH00094: Command line: 'D:\\Applications\\Applications-publics\\UwAmp\\bin\\apache\\bin\\httpd.exe -d D:/Applications/Applications-publics/UwAmp/bin/apache -f D:\\Applications\\Applications-publics\\UwAmp\\bin\\apache\\conf\\httpd.conf'
[Fri Dec 15 08:55:27.163878 2017] [mpm_winnt:notice] [pid 1072:tid 324] AH00418: Parent: Created child process 13172
[Fri Dec 15 08:55:27.820074 2017] [ssl:warn] [pid 13172:tid 336] AH01906: main-serveur:443:0 server certificate is a CA certificate (BasicConstraints: CA == TRUE !?)
[Fri Dec 15 08:55:27.820074 2017] [ssl:warn] [pid 13172:tid 336] AH01909: main-serveur:443:0 server certificate does NOT include an ID which matches the server name
[Fri Dec 15 08:55:28.147672 2017] [ssl:warn] [pid 13172:tid 336] AH01873: Init: Session Cache is not configured [hint: SSLSessionCache]
[Fri Dec 15 08:55:28.147672 2017] [ssl:warn] [pid 13172:tid 336] AH01906: main-serveur:443:0 server certificate is a CA certificate (BasicConstraints: CA == TRUE !?)
[Fri Dec 15 08:55:28.147672 2017] [ssl:warn] [pid 13172:tid 336] AH01909: main-serveur:443:0 server certificate does NOT include an ID which matches the server name
[Fri Dec 15 08:55:28.194472 2017] [mpm_winnt:notice] [pid 13172:tid 336] AH00354: Child: Starting 64 worker threads.
[Wed Jan 29 11:23:50.448136 2020] [ssl:warn] [pid 8588:tid 356] AH01906: main-serveur:443:0 server certificate is a CA certificate (BasicConstraints: CA == TRUE !?)
[Wed Jan 29 11:23:50.448136 2020] [ssl:warn] [pid 8588:tid 356] AH01909: main-serveur:443:0 server certificate does NOT include an ID which matches the server name
[Wed Jan 29 11:23:50.572932 2020] [core:warn] [pid 8588:tid 356] AH00098: pid file K:/INF/Maitres-Eleves/Outils/_APP-Portables/03-developpement/04-srv-wamp/02-uWamp/bin/apache/logs/httpd.pid overwritten -- Unclean shutdown of previous Apache run?
[Wed Jan 29 11:23:50.760126 2020] [ssl:warn] [pid 8588:tid 356] AH01873: Init: Session Cache is not configured [hint: SSLSessionCache]
[Wed Jan 29 11:23:50.760126 2020] [ssl:warn] [pid 8588:tid 356] AH01906: main-serveur:443:0 server certificate is a CA certificate (BasicConstraints: CA == TRUE !?)
[Wed Jan 29 11:23:50.760126 2020] [ssl:warn] [pid 8588:tid 356] AH01909: main-serveur:443:0 server certificate does NOT include an ID which matches the server name
[Wed Jan 29 11:23:51.508902 2020] [mpm_winnt:notice] [pid 8588:tid 356] AH00455: Apache/2.4.18 (Win32) OpenSSL/1.0.2f PHP/5.6.18 configured -- resuming normal operations
[Wed Jan 29 11:23:51.508902 2020] [mpm_winnt:notice] [pid 8588:tid 356] AH00456: Server built: Jan 28 2016 09:58:25
[Wed Jan 29 11:23:51.508902 2020] [core:notice] [pid 8588:tid 356] AH00094: Command line: 'K:\\INF\\Maitres-Eleves\\Outils\\_APP-Portables\\03-developpement\\04-srv-wamp\\02-uWamp\\bin\\apache\\bin\\httpd.exe -d K:/INF/Maitres-Eleves/Outils/_APP-Portables/03-developpement/04-srv-wamp/02-uWamp/bin/apache -f K:\\INF\\Maitres-Eleves\\Outils\\_APP-Portables\\03-developpement\\04-srv-wamp\\02-uWamp\\bin\\apache\\conf\\httpd.conf'
[Wed Jan 29 11:23:51.524502 2020] [mpm_winnt:notice] [pid 8588:tid 356] AH00418: Parent: Created child process 5308
[Wed Jan 29 11:23:52.257678 2020] [ssl:warn] [pid 5308:tid 368] AH01906: main-serveur:443:0 server certificate is a CA certificate (BasicConstraints: CA == TRUE !?)
[Wed Jan 29 11:23:52.257678 2020] [ssl:warn] [pid 5308:tid 368] AH01909: main-serveur:443:0 server certificate does NOT include an ID which matches the server name
[Wed Jan 29 11:23:52.554069 2020] [ssl:warn] [pid 5308:tid 368] AH01873: Init: Session Cache is not configured [hint: SSLSessionCache]
[Wed Jan 29 11:23:52.554069 2020] [ssl:warn] [pid 5308:tid 368] AH01906: main-serveur:443:0 server certificate is a CA certificate (BasicConstraints: CA == TRUE !?)
[Wed Jan 29 11:23:52.554069 2020] [ssl:warn] [pid 5308:tid 368] AH01909: main-serveur:443:0 server certificate does NOT include an ID which matches the server name
[Wed Jan 29 11:23:52.616467 2020] [mpm_winnt:notice] [pid 5308:tid 368] AH00354: Child: Starting 64 worker threads.
[Wed Jan 29 11:23:53.521238 2020] [mpm_winnt:crit] [pid 5308:tid 368] AH02538: Child: Parent process exited abruptly. Child process is ending
[Wed Jan 29 11:23:53.521238 2020] [mpm_winnt:warn] [pid 5308:tid 552] (OS 995)L’opération d’entrée/sortie a été abandonnée en raison de l’arrêt d’un thread ou à la demande d’une application.  : AH00341: winnt_accept: Asynchronous AcceptEx failed.
[Wed Jan 29 11:23:53.521238 2020] [mpm_winnt:warn] [pid 5308:tid 556] (OS 995)L’opération d’entrée/sortie a été abandonnée en raison de l’arrêt d’un thread ou à la demande d’une application.  : AH00341: winnt_accept: Asynchronous AcceptEx failed.
[Wed Jan 29 11:23:53.521238 2020] [mpm_winnt:warn] [pid 5308:tid 392] (OS 995)L’opération d’entrée/sortie a été abandonnée en raison de l’arrêt d’un thread ou à la demande d’une application.  : AH00341: winnt_accept: Asynchronous AcceptEx failed.
[Wed Jan 29 11:23:53.521238 2020] [mpm_winnt:warn] [pid 5308:tid 4] (OS 995)L’opération d’entrée/sortie a été abandonnée en raison de l’arrêt d’un thread ou à la demande d’une application.  : AH00341: winnt_accept: Asynchronous AcceptEx failed.
[Wed Jan 29 11:26:54.694831 2020] [ssl:warn] [pid 8044:tid 356] AH01906: main-serveur:443:0 server certificate is a CA certificate (BasicConstraints: CA == TRUE !?)
[Wed Jan 29 11:26:54.694831 2020] [ssl:warn] [pid 8044:tid 356] AH01909: main-serveur:443:0 server certificate does NOT include an ID which matches the server name
[Wed Jan 29 11:26:54.804027 2020] [core:warn] [pid 8044:tid 356] AH00098: pid file K:/INF/Maitres-Eleves/Outils/_APP-Portables/03-developpement/04-srv-wamp/02-uWamp/bin/apache/logs/httpd.pid overwritten -- Unclean shutdown of previous Apache run?
[Wed Jan 29 11:26:54.991221 2020] [ssl:warn] [pid 8044:tid 356] AH01873: Init: Session Cache is not configured [hint: SSLSessionCache]
[Wed Jan 29 11:26:54.991221 2020] [ssl:warn] [pid 8044:tid 356] AH01906: main-serveur:443:0 server certificate is a CA certificate (BasicConstraints: CA == TRUE !?)
[Wed Jan 29 11:26:54.991221 2020] [ssl:warn] [pid 8044:tid 356] AH01909: main-serveur:443:0 server certificate does NOT include an ID which matches the server name
[Wed Jan 29 11:26:55.552803 2020] [mpm_winnt:notice] [pid 8044:tid 356] AH00455: Apache/2.4.18 (Win32) OpenSSL/1.0.2f PHP/5.6.18 configured -- resuming normal operations
[Wed Jan 29 11:26:55.552803 2020] [mpm_winnt:notice] [pid 8044:tid 356] AH00456: Server built: Jan 28 2016 09:58:25
[Wed Jan 29 11:26:55.552803 2020] [core:notice] [pid 8044:tid 356] AH00094: Command line: 'K:\\INF\\Maitres-Eleves\\Outils\\_APP-Portables\\03-developpement\\04-srv-wamp\\02-uWamp\\bin\\apache\\bin\\httpd.exe -d K:/INF/Maitres-Eleves/Outils/_APP-Portables/03-developpement/04-srv-wamp/02-uWamp/bin/apache -f K:\\INF\\Maitres-Eleves\\Outils\\_APP-Portables\\03-developpement\\04-srv-wamp\\02-uWamp\\bin\\apache\\conf\\httpd.conf'
[Wed Jan 29 11:26:55.552803 2020] [mpm_winnt:notice] [pid 8044:tid 356] AH00418: Parent: Created child process 6020
[Wed Jan 29 11:26:56.301579 2020] [ssl:warn] [pid 6020:tid 368] AH01906: main-serveur:443:0 server certificate is a CA certificate (BasicConstraints: CA == TRUE !?)
[Wed Jan 29 11:26:56.301579 2020] [ssl:warn] [pid 6020:tid 368] AH01909: main-serveur:443:0 server certificate does NOT include an ID which matches the server name
[Wed Jan 29 11:26:56.597970 2020] [ssl:warn] [pid 6020:tid 368] AH01873: Init: Session Cache is not configured [hint: SSLSessionCache]
[Wed Jan 29 11:26:56.597970 2020] [ssl:warn] [pid 6020:tid 368] AH01906: main-serveur:443:0 server certificate is a CA certificate (BasicConstraints: CA == TRUE !?)
[Wed Jan 29 11:26:56.597970 2020] [ssl:warn] [pid 6020:tid 368] AH01909: main-serveur:443:0 server certificate does NOT include an ID which matches the server name
[Wed Jan 29 11:26:56.644768 2020] [mpm_winnt:notice] [pid 6020:tid 368] AH00354: Child: Starting 64 worker threads.
[Wed Jan 29 12:16:43.491074 2020] [mpm_winnt:notice] [pid 8044:tid 356] AH00428: Parent: child process 6020 exited with status 1073807364 -- Restarting.
[Wed Jan 27 09:57:28.508456 2021] [ssl:warn] [pid 11940:tid 744] AH01906: main-serveur:443:0 server certificate is a CA certificate (BasicConstraints: CA == TRUE !?)
[Wed Jan 27 09:57:28.525659 2021] [ssl:warn] [pid 11940:tid 744] AH01909: main-serveur:443:0 server certificate does NOT include an ID which matches the server name
[Wed Jan 27 09:57:28.712733 2021] [core:warn] [pid 11940:tid 744] AH00098: pid file H:/PRE-TPI/02-uWamp/bin/apache/logs/httpd.pid overwritten -- Unclean shutdown of previous Apache run?
[Wed Jan 27 09:57:28.812466 2021] [ssl:warn] [pid 11940:tid 744] AH01873: Init: Session Cache is not configured [hint: SSLSessionCache]
[Wed Jan 27 09:57:28.831359 2021] [ssl:warn] [pid 11940:tid 744] AH01906: main-serveur:443:0 server certificate is a CA certificate (BasicConstraints: CA == TRUE !?)
[Wed Jan 27 09:57:28.831359 2021] [ssl:warn] [pid 11940:tid 744] AH01909: main-serveur:443:0 server certificate does NOT include an ID which matches the server name
[Wed Jan 27 09:57:29.931912 2021] [mpm_winnt:notice] [pid 11940:tid 744] AH00455: Apache/2.4.18 (Win32) OpenSSL/1.0.2f PHP/5.6.18 configured -- resuming normal operations
[Wed Jan 27 09:57:29.931912 2021] [mpm_winnt:notice] [pid 11940:tid 744] AH00456: Server built: Jan 28 2016 09:58:25
[Wed Jan 27 09:57:29.932909 2021] [core:notice] [pid 11940:tid 744] AH00094: Command line: 'H:\\PRE-TPI\\02-uWamp\\bin\\apache\\bin\\httpd.exe -d H:/PRE-TPI/02-uWamp/bin/apache -f H:\\PRE-TPI\\02-uWamp\\bin\\apache\\conf\\httpd.conf'
[Wed Jan 27 09:57:29.938893 2021] [mpm_winnt:notice] [pid 11940:tid 744] AH00418: Parent: Created child process 8776
[Wed Jan 27 09:57:30.743086 2021] [ssl:warn] [pid 8776:tid 836] AH01906: main-serveur:443:0 server certificate is a CA certificate (BasicConstraints: CA == TRUE !?)
[Wed Jan 27 09:57:30.744083 2021] [ssl:warn] [pid 8776:tid 836] AH01909: main-serveur:443:0 server certificate does NOT include an ID which matches the server name
[Wed Jan 27 09:57:30.883982 2021] [ssl:warn] [pid 8776:tid 836] AH01873: Init: Session Cache is not configured [hint: SSLSessionCache]
[Wed Jan 27 09:57:30.885023 2021] [ssl:warn] [pid 8776:tid 836] AH01906: main-serveur:443:0 server certificate is a CA certificate (BasicConstraints: CA == TRUE !?)
[Wed Jan 27 09:57:30.886055 2021] [ssl:warn] [pid 8776:tid 836] AH01909: main-serveur:443:0 server certificate does NOT include an ID which matches the server name
[Wed Jan 27 09:57:30.963675 2021] [mpm_winnt:notice] [pid 8776:tid 836] AH00354: Child: Starting 64 worker threads.
[Wed Jan 27 09:58:42.363209 2021] [mpm_winnt:crit] [pid 8776:tid 836] AH02538: Child: Parent process exited abruptly. Child process is ending
[Wed Jan 27 09:58:42.363209 2021] [mpm_winnt:warn] [pid 8776:tid 2904] (OS 995)L’opération d’entrée/sortie a été abandonnée en raison de l’arrêt d’un thread ou à la demande d’une application.  : AH00341: winnt_accept: Asynchronous AcceptEx failed.
[Wed Jan 27 09:58:42.363209 2021] [mpm_winnt:warn] [pid 8776:tid 2912] (OS 995)L’opération d’entrée/sortie a été abandonnée en raison de l’arrêt d’un thread ou à la demande d’une application.  : AH00341: winnt_accept: Asynchronous AcceptEx failed.
[Wed Jan 27 09:58:42.363209 2021] [mpm_winnt:warn] [pid 8776:tid 2908] (OS 995)L’opération d’entrée/sortie a été abandonnée en raison de l’arrêt d’un thread ou à la demande d’une application.  : AH00341: winnt_accept: Asynchronous AcceptEx failed.
[Wed Jan 27 09:58:42.363209 2021] [mpm_winnt:warn] [pid 8776:tid 2852] (OS 995)L’opération d’entrée/sortie a été abandonnée en raison de l’arrêt d’un thread ou à la demande d’une application.  : AH00341: winnt_accept: Asynchronous AcceptEx failed.
[Wed Jan 27 10:29:24.564704 2021] [ssl:warn] [pid 13752:tid 828] AH01906: main-serveur:443:0 server certificate is a CA certificate (BasicConstraints: CA == TRUE !?)
[Wed Jan 27 10:29:24.566710 2021] [ssl:warn] [pid 13752:tid 828] AH01909: main-serveur:443:0 server certificate does NOT include an ID which matches the server name
[Wed Jan 27 10:29:24.737177 2021] [core:warn] [pid 13752:tid 828] AH00098: pid file H:/PRE-TPI/TPI_GitHub/02-uWamp/bin/apache/logs/httpd.pid overwritten -- Unclean shutdown of previous Apache run?
[Wed Jan 27 10:29:24.825140 2021] [ssl:warn] [pid 13752:tid 828] AH01873: Init: Session Cache is not configured [hint: SSLSessionCache]
[Wed Jan 27 10:29:24.851223 2021] [ssl:warn] [pid 13752:tid 828] AH01906: main-serveur:443:0 server certificate is a CA certificate (BasicConstraints: CA == TRUE !?)
[Wed Jan 27 10:29:24.853396 2021] [ssl:warn] [pid 13752:tid 828] AH01909: main-serveur:443:0 server certificate does NOT include an ID which matches the server name
[Wed Jan 27 10:29:25.828704 2021] [mpm_winnt:notice] [pid 13752:tid 828] AH00455: Apache/2.4.18 (Win32) OpenSSL/1.0.2f PHP/5.6.18 configured -- resuming normal operations
[Wed Jan 27 10:29:25.829703 2021] [mpm_winnt:notice] [pid 13752:tid 828] AH00456: Server built: Jan 28 2016 09:58:25
[Wed Jan 27 10:29:25.829703 2021] [core:notice] [pid 13752:tid 828] AH00094: Command line: 'H:\\PRE-TPI\\TPI_GitHub\\02-uWamp\\bin\\apache\\bin\\httpd.exe -d H:/PRE-TPI/TPI_GitHub/02-uWamp/bin/apache -f H:\\PRE-TPI\\TPI_GitHub\\02-uWamp\\bin\\apache\\conf\\httpd.conf'
[Wed Jan 27 10:29:25.836685 2021] [mpm_winnt:notice] [pid 13752:tid 828] AH00418: Parent: Created child process 9748
[Wed Jan 27 10:29:26.856776 2021] [ssl:warn] [pid 9748:tid 844] AH01906: main-serveur:443:0 server certificate is a CA certificate (BasicConstraints: CA == TRUE !?)
[Wed Jan 27 10:29:26.857774 2021] [ssl:warn] [pid 9748:tid 844] AH01909: main-serveur:443:0 server certificate does NOT include an ID which matches the server name
[Wed Jan 27 10:29:27.043467 2021] [ssl:warn] [pid 9748:tid 844] AH01873: Init: Session Cache is not configured [hint: SSLSessionCache]
[Wed Jan 27 10:29:27.044493 2021] [ssl:warn] [pid 9748:tid 844] AH01906: main-serveur:443:0 server certificate is a CA certificate (BasicConstraints: CA == TRUE !?)
[Wed Jan 27 10:29:27.044493 2021] [ssl:warn] [pid 9748:tid 844] AH01909: main-serveur:443:0 server certificate does NOT include an ID which matches the server name
[Wed Jan 27 10:29:27.120532 2021] [mpm_winnt:notice] [pid 9748:tid 844] AH00354: Child: Starting 64 worker threads.
[Wed Jan 27 10:29:29.182342 2021] [:error] [pid 9748:tid 1528] [client ::1:54206] PHP Warning:  opendir(../www,../www): Le fichier sp\xef\xbf\xbdcifi\xef\xbf\xbd est introuvable. (code: 2) in H:\\PRE-TPI\\TPI_GitHub\\02-uWamp\\www\\my-app\\index.php on line 137, referer: http://localhost/
[Wed Jan 27 10:29:29.182342 2021] [:error] [pid 9748:tid 1528] [client ::1:54206] PHP Stack trace:, referer: http://localhost/
[Wed Jan 27 10:29:29.183308 2021] [:error] [pid 9748:tid 1528] [client ::1:54206] PHP   1. {main}() H:\\PRE-TPI\\TPI_GitHub\\02-uWamp\\www\\my-app\\index.php:0, referer: http://localhost/
[Wed Jan 27 10:29:29.183308 2021] [:error] [pid 9748:tid 1528] [client ::1:54206] PHP   2. opendir() H:\\PRE-TPI\\TPI_GitHub\\02-uWamp\\www\\my-app\\index.php:137, referer: http://localhost/
[Wed Jan 27 10:29:29.184311 2021] [:error] [pid 9748:tid 1528] [client ::1:54206] PHP Warning:  opendir(../www): failed to open dir: No such file or directory in H:\\PRE-TPI\\TPI_GitHub\\02-uWamp\\www\\my-app\\index.php on line 137, referer: http://localhost/
[Wed Jan 27 10:29:29.184785 2021] [:error] [pid 9748:tid 1528] [client ::1:54206] PHP Stack trace:, referer: http://localhost/
[Wed Jan 27 10:29:29.185442 2021] [:error] [pid 9748:tid 1528] [client ::1:54206] PHP   1. {main}() H:\\PRE-TPI\\TPI_GitHub\\02-uWamp\\www\\my-app\\index.php:0, referer: http://localhost/
[Wed Jan 27 10:29:29.185908 2021] [:error] [pid 9748:tid 1528] [client ::1:54206] PHP   2. opendir() H:\\PRE-TPI\\TPI_GitHub\\02-uWamp\\www\\my-app\\index.php:137, referer: http://localhost/
[Wed Jan 27 10:29:29.186372 2021] [:error] [pid 9748:tid 1528] [client ::1:54206] PHP Warning:  readdir() expects parameter 1 to be resource, boolean given in H:\\PRE-TPI\\TPI_GitHub\\02-uWamp\\www\\my-app\\index.php on line 139, referer: http://localhost/
[Wed Jan 27 10:29:29.186372 2021] [:error] [pid 9748:tid 1528] [client ::1:54206] PHP Stack trace:, referer: http://localhost/
[Wed Jan 27 10:29:29.186372 2021] [:error] [pid 9748:tid 1528] [client ::1:54206] PHP   1. {main}() H:\\PRE-TPI\\TPI_GitHub\\02-uWamp\\www\\my-app\\index.php:0, referer: http://localhost/
[Wed Jan 27 10:29:29.187356 2021] [:error] [pid 9748:tid 1528] [client ::1:54206] PHP   2. readdir() H:\\PRE-TPI\\TPI_GitHub\\02-uWamp\\www\\my-app\\index.php:139, referer: http://localhost/
[Wed Jan 27 10:29:29.187356 2021] [:error] [pid 9748:tid 1528] [client ::1:54206] PHP Warning:  closedir() expects parameter 1 to be resource, boolean given in H:\\PRE-TPI\\TPI_GitHub\\02-uWamp\\www\\my-app\\index.php on line 148, referer: http://localhost/
[Wed Jan 27 10:29:29.187356 2021] [:error] [pid 9748:tid 1528] [client ::1:54206] PHP Stack trace:, referer: http://localhost/
[Wed Jan 27 10:29:29.188360 2021] [:error] [pid 9748:tid 1528] [client ::1:54206] PHP   1. {main}() H:\\PRE-TPI\\TPI_GitHub\\02-uWamp\\www\\my-app\\index.php:0, referer: http://localhost/
[Wed Jan 27 10:29:29.188360 2021] [:error] [pid 9748:tid 1528] [client ::1:54206] PHP   2. closedir() H:\\PRE-TPI\\TPI_GitHub\\02-uWamp\\www\\my-app\\index.php:148, referer: http://localhost/
[Wed Jan 27 12:12:56.746655 2021] [mpm_winnt:crit] [pid 9748:tid 844] AH02538: Child: Parent process exited abruptly. Child process is ending
[Wed Jan 27 12:12:56.746655 2021] [mpm_winnt:warn] [pid 9748:tid 808] (OS 995)L’opération d’entrée/sortie a été abandonnée en raison de l’arrêt d’un thread ou à la demande d’une application.  : AH00341: winnt_accept: Asynchronous AcceptEx failed.
[Wed Jan 27 12:12:56.746655 2021] [mpm_winnt:warn] [pid 9748:tid 2752] (OS 995)L’opération d’entrée/sortie a été abandonnée en raison de l’arrêt d’un thread ou à la demande d’une application.  : AH00341: winnt_accept: Asynchronous AcceptEx failed.
[Wed Jan 27 12:12:56.746655 2021] [mpm_winnt:warn] [pid 9748:tid 2512] (OS 995)L’opération d’entrée/sortie a été abandonnée en raison de l’arrêt d’un thread ou à la demande d’une application.  : AH00341: winnt_accept: Asynchronous AcceptEx failed.
[Wed Jan 27 12:12:56.746655 2021] [mpm_winnt:warn] [pid 9748:tid 4] (OS 995)L’opération d’entrée/sortie a été abandonnée en raison de l’arrêt d’un thread ou à la demande d’une application.  : AH00341: winnt_accept: Asynchronous AcceptEx failed.
[Wed Jan 27 13:11:40.204006 2021] [ssl:warn] [pid 3840:tid 828] AH01906: main-serveur:443:0 server certificate is a CA certificate (BasicConstraints: CA == TRUE !?)
[Wed Jan 27 13:11:40.209254 2021] [ssl:warn] [pid 3840:tid 828] AH01909: main-serveur:443:0 server certificate does NOT include an ID which matches the server name
[Wed Jan 27 13:11:40.745582 2021] [core:warn] [pid 3840:tid 828] AH00098: pid file H:/PRE-TPI/TPI_GitHub/02-uWamp/bin/apache/logs/httpd.pid overwritten -- Unclean shutdown of previous Apache run?
[Wed Jan 27 13:11:40.850668 2021] [ssl:warn] [pid 3840:tid 828] AH01873: Init: Session Cache is not configured [hint: SSLSessionCache]
[Wed Jan 27 13:11:40.888928 2021] [ssl:warn] [pid 3840:tid 828] AH01906: main-serveur:443:0 server certificate is a CA certificate (BasicConstraints: CA == TRUE !?)
[Wed Jan 27 13:11:40.892785 2021] [ssl:warn] [pid 3840:tid 828] AH01909: main-serveur:443:0 server certificate does NOT include an ID which matches the server name
[Wed Jan 27 13:11:43.892015 2021] [mpm_winnt:notice] [pid 3840:tid 828] AH00455: Apache/2.4.18 (Win32) OpenSSL/1.0.2f PHP/5.6.18 configured -- resuming normal operations
[Wed Jan 27 13:11:43.895623 2021] [mpm_winnt:notice] [pid 3840:tid 828] AH00456: Server built: Jan 28 2016 09:58:25
[Wed Jan 27 13:11:43.898076 2021] [core:notice] [pid 3840:tid 828] AH00094: Command line: 'H:\\PRE-TPI\\TPI_GitHub\\02-uWamp\\bin\\apache\\bin\\httpd.exe -d H:/PRE-TPI/TPI_GitHub/02-uWamp/bin/apache -f H:\\PRE-TPI\\TPI_GitHub\\02-uWamp\\bin\\apache\\conf\\httpd.conf'
[Wed Jan 27 13:11:43.910046 2021] [mpm_winnt:notice] [pid 3840:tid 828] AH00418: Parent: Created child process 17032
[Wed Jan 27 13:11:44.881160 2021] [ssl:warn] [pid 17032:tid 848] AH01906: main-serveur:443:0 server certificate is a CA certificate (BasicConstraints: CA == TRUE !?)
[Wed Jan 27 13:11:44.897778 2021] [ssl:warn] [pid 17032:tid 848] AH01909: main-serveur:443:0 server certificate does NOT include an ID which matches the server name
[Wed Jan 27 13:11:45.400972 2021] [ssl:warn] [pid 17032:tid 848] AH01873: Init: Session Cache is not configured [hint: SSLSessionCache]
[Wed Jan 27 13:11:45.405932 2021] [ssl:warn] [pid 17032:tid 848] AH01906: main-serveur:443:0 server certificate is a CA certificate (BasicConstraints: CA == TRUE !?)
[Wed Jan 27 13:11:45.410056 2021] [ssl:warn] [pid 17032:tid 848] AH01909: main-serveur:443:0 server certificate does NOT include an ID which matches the server name
[Wed Jan 27 13:11:45.920016 2021] [mpm_winnt:notice] [pid 17032:tid 848] AH00354: Child: Starting 64 worker threads.
[Wed Jan 27 13:47:33.104939 2021] [:error] [pid 17032:tid 1508] [client ::1:64614] PHP Notice:  Array to string conversion in H:\\PRE-TPI\\TPI_GitHub\\02-uWamp\\www\\my-app\\controllers\\getAllBikes.php on line 9, referer: http://localhost/my-app/views/index.php
[Wed Jan 27 13:47:33.104939 2021] [:error] [pid 17032:tid 1508] [client ::1:64614] PHP Stack trace:, referer: http://localhost/my-app/views/index.php
[Wed Jan 27 13:47:33.104939 2021] [:error] [pid 17032:tid 1508] [client ::1:64614] PHP   1. {main}() H:\\PRE-TPI\\TPI_GitHub\\02-uWamp\\www\\my-app\\controllers\\getAllBikes.php:0, referer: http://localhost/my-app/views/index.php
[Wed Jan 27 13:51:11.335875 2021] [:error] [pid 17032:tid 1508] [client ::1:64805] PHP Notice:  Undefined offset: 0 in H:\\PRE-TPI\\TPI_GitHub\\02-uWamp\\www\\my-app\\controllers\\getAllBikes.php on line 11, referer: http://localhost/my-app/views/index.php
[Wed Jan 27 13:51:11.336871 2021] [:error] [pid 17032:tid 1508] [client ::1:64805] PHP Stack trace:, referer: http://localhost/my-app/views/index.php
[Wed Jan 27 13:51:11.336871 2021] [:error] [pid 17032:tid 1508] [client ::1:64805] PHP   1. {main}() H:\\PRE-TPI\\TPI_GitHub\\02-uWamp\\www\\my-app\\controllers\\getAllBikes.php:0, referer: http://localhost/my-app/views/index.php
[Wed Jan 27 14:21:22.595533 2021] [:error] [pid 17032:tid 1508] [client ::1:49771] PHP Warning:  mail(): &quot;sendmail_from&quot; not set in php.ini or custom &quot;From:&quot; header missing in H:\\PRE-TPI\\TPI_GitHub\\02-uWamp\\www\\my-app\\controllers\\sendMailRequest.php on line 3, referer: http://localhost/my-app/views/inscription.php
[Wed Jan 27 14:21:22.596517 2021] [:error] [pid 17032:tid 1508] [client ::1:49771] PHP Stack trace:, referer: http://localhost/my-app/views/inscription.php
[Wed Jan 27 14:21:22.596517 2021] [:error] [pid 17032:tid 1508] [client ::1:49771] PHP   1. {main}() H:\\PRE-TPI\\TPI_GitHub\\02-uWamp\\www\\my-app\\controllers\\sendMailRequest.php:0, referer: http://localhost/my-app/views/inscription.php
[Wed Jan 27 14:21:22.597523 2021] [:error] [pid 17032:tid 1508] [client ::1:49771] PHP   2. mail() H:\\PRE-TPI\\TPI_GitHub\\02-uWamp\\www\\my-app\\controllers\\sendMailRequest.php:3, referer: http://localhost/my-app/views/inscription.php
[Wed Jan 27 14:25:43.119400 2021] [:error] [pid 17032:tid 1508] [client ::1:50100] PHP Warning:  phpinfo(): It is not safe to rely on the system's timezone settings. You are *required* to use the date.timezone setting or the date_default_timezone_set() function. In case you used any of those methods and you are still getting this warning, you most likely misspelled the timezone identifier. We selected the timezone 'UTC' for now, but please set date.timezone to select your timezone. in H:\\PRE-TPI\\TPI_GitHub\\02-uWamp\\phpapps\\uwamp\\phpinfo.php on line 3
[Wed Jan 27 14:25:43.120396 2021] [:error] [pid 17032:tid 1508] [client ::1:50100] PHP Stack trace:
[Wed Jan 27 14:25:43.120396 2021] [:error] [pid 17032:tid 1508] [client ::1:50100] PHP   1. {main}() H:\\PRE-TPI\\TPI_GitHub\\02-uWamp\\phpapps\\uwamp\\phpinfo.php:0
[Wed Jan 27 14:25:43.120396 2021] [:error] [pid 17032:tid 1508] [client ::1:50100] PHP   2. phpinfo() H:\\PRE-TPI\\TPI_GitHub\\02-uWamp\\phpapps\\uwamp\\phpinfo.php:3
[Wed Jan 27 14:29:58.033520 2021] [mpm_winnt:crit] [pid 17032:tid 848] AH02538: Child: Parent process exited abruptly. Child process is ending
[Wed Jan 27 14:29:58.034516 2021] [mpm_winnt:warn] [pid 17032:tid 1908] (OS 995)L’opération d’entrée/sortie a été abandonnée en raison de l’arrêt d’un thread ou à la demande d’une application.  : AH00341: winnt_accept: Asynchronous AcceptEx failed.
[Wed Jan 27 14:29:58.034516 2021] [mpm_winnt:warn] [pid 17032:tid 2540] (OS 995)L’opération d’entrée/sortie a été abandonnée en raison de l’arrêt d’un thread ou à la demande d’une application.  : AH00341: winnt_accept: Asynchronous AcceptEx failed.
[Wed Jan 27 14:29:58.034516 2021] [mpm_winnt:warn] [pid 17032:tid 844] (OS 995)L’opération d’entrée/sortie a été abandonnée en raison de l’arrêt d’un thread ou à la demande d’une application.  : AH00341: winnt_accept: Asynchronous AcceptEx failed.
[Wed Jan 27 14:29:58.034516 2021] [mpm_winnt:warn] [pid 17032:tid 2468] (OS 995)L’opération d’entrée/sortie a été abandonnée en raison de l’arrêt d’un thread ou à la demande d’une application.  : AH00341: winnt_accept: Asynchronous AcceptEx failed.
[Wed Jan 27 14:30:02.717457 2021] [ssl:warn] [pid 17556:tid 268] AH01906: main-serveur:443:0 server certificate is a CA certificate (BasicConstraints: CA == TRUE !?)
[Wed Jan 27 14:30:02.718462 2021] [ssl:warn] [pid 17556:tid 268] AH01909: main-serveur:443:0 server certificate does NOT include an ID which matches the server name
[Wed Jan 27 14:30:02.830156 2021] [core:warn] [pid 17556:tid 268] AH00098: pid file H:/PRE-TPI/TPI_GitHub/02-uWamp/bin/apache/logs/httpd.pid overwritten -- Unclean shutdown of previous Apache run?
[Wed Jan 27 14:30:02.926933 2021] [ssl:warn] [pid 17556:tid 268] AH01873: Init: Session Cache is not configured [hint: SSLSessionCache]
[Wed Jan 27 14:30:02.933880 2021] [ssl:warn] [pid 17556:tid 268] AH01906: main-serveur:443:0 server certificate is a CA certificate (BasicConstraints: CA == TRUE !?)
[Wed Jan 27 14:30:02.934876 2021] [ssl:warn] [pid 17556:tid 268] AH01909: main-serveur:443:0 server certificate does NOT include an ID which matches the server name
[Wed Jan 27 14:30:03.314587 2021] [mpm_winnt:notice] [pid 17556:tid 268] AH00455: Apache/2.4.18 (Win32) OpenSSL/1.0.2f PHP/5.6.18 configured -- resuming normal operations
[Wed Jan 27 14:30:03.323573 2021] [mpm_winnt:notice] [pid 17556:tid 268] AH00456: Server built: Jan 28 2016 09:58:25
[Wed Jan 27 14:30:03.324574 2021] [core:notice] [pid 17556:tid 268] AH00094: Command line: 'H:\\PRE-TPI\\TPI_GitHub\\02-uWamp\\bin\\apache\\bin\\httpd.exe -d H:/PRE-TPI/TPI_GitHub/02-uWamp/bin/apache -f H:\\PRE-TPI\\TPI_GitHub\\02-uWamp\\bin\\apache\\conf\\httpd.conf'
[Wed Jan 27 14:30:03.331557 2021] [mpm_winnt:notice] [pid 17556:tid 268] AH00418: Parent: Created child process 18148
[Wed Jan 27 14:30:04.191137 2021] [ssl:warn] [pid 18148:tid 872] AH01906: main-serveur:443:0 server certificate is a CA certificate (BasicConstraints: CA == TRUE !?)
[Wed Jan 27 14:30:04.192126 2021] [ssl:warn] [pid 18148:tid 872] AH01909: main-serveur:443:0 server certificate does NOT include an ID which matches the server name
[Wed Jan 27 14:30:04.339706 2021] [ssl:warn] [pid 18148:tid 872] AH01873: Init: Session Cache is not configured [hint: SSLSessionCache]
[Wed Jan 27 14:30:04.340703 2021] [ssl:warn] [pid 18148:tid 872] AH01906: main-serveur:443:0 server certificate is a CA certificate (BasicConstraints: CA == TRUE !?)
[Wed Jan 27 14:30:04.340703 2021] [ssl:warn] [pid 18148:tid 872] AH01909: main-serveur:443:0 server certificate does NOT include an ID which matches the server name
[Wed Jan 27 14:30:04.403533 2021] [mpm_winnt:notice] [pid 18148:tid 872] AH00354: Child: Starting 64 worker threads.
[Wed Jan 27 14:30:50.526472 2021] [mpm_winnt:crit] [pid 18148:tid 872] AH02538: Child: Parent process exited abruptly. Child process is ending
[Wed Jan 27 14:30:50.527469 2021] [mpm_winnt:warn] [pid 18148:tid 988] (OS 995)L’opération d’entrée/sortie a été abandonnée en raison de l’arrêt d’un thread ou à la demande d’une application.  : AH00341: winnt_accept: Asynchronous AcceptEx failed.
[Wed Jan 27 14:30:50.527469 2021] [mpm_winnt:warn] [pid 18148:tid 244] (OS 995)L’opération d’entrée/sortie a été abandonnée en raison de l’arrêt d’un thread ou à la demande d’une application.  : AH00341: winnt_accept: Asynchronous AcceptEx failed.
[Wed Jan 27 14:30:50.527469 2021] [mpm_winnt:warn] [pid 18148:tid 880] (OS 995)L’opération d’entrée/sortie a été abandonnée en raison de l’arrêt d’un thread ou à la demande d’une application.  : AH00341: winnt_accept: Asynchronous AcceptEx failed.
[Wed Jan 27 14:30:50.527469 2021] [mpm_winnt:warn] [pid 18148:tid 968] (OS 995)L’opération d’entrée/sortie a été abandonnée en raison de l’arrêt d’un thread ou à la demande d’une application.  : AH00341: winnt_accept: Asynchronous AcceptEx failed.
[Wed Jan 27 14:30:54.179316 2021] [ssl:warn] [pid 6224:tid 832] AH01906: main-serveur:443:0 server certificate is a CA certificate (BasicConstraints: CA == TRUE !?)
[Wed Jan 27 14:30:54.180313 2021] [ssl:warn] [pid 6224:tid 832] AH01909: main-serveur:443:0 server certificate does NOT include an ID which matches the server name
[Wed Jan 27 14:30:54.283040 2021] [core:warn] [pid 6224:tid 832] AH00098: pid file H:/PRE-TPI/TPI_GitHub/02-uWamp/bin/apache/logs/httpd.pid overwritten -- Unclean shutdown of previous Apache run?
[Wed Jan 27 14:30:54.377819 2021] [ssl:warn] [pid 6224:tid 832] AH01873: Init: Session Cache is not configured [hint: SSLSessionCache]
[Wed Jan 27 14:30:54.384768 2021] [ssl:warn] [pid 6224:tid 832] AH01906: main-serveur:443:0 server certificate is a CA certificate (BasicConstraints: CA == TRUE !?)
[Wed Jan 27 14:30:54.384768 2021] [ssl:warn] [pid 6224:tid 832] AH01909: main-serveur:443:0 server certificate does NOT include an ID which matches the server name
[Wed Jan 27 14:30:54.695205 2021] [mpm_winnt:notice] [pid 6224:tid 832] AH00455: Apache/2.4.18 (Win32) OpenSSL/1.0.2f PHP/5.6.18 configured -- resuming normal operations
[Wed Jan 27 14:30:54.695205 2021] [mpm_winnt:notice] [pid 6224:tid 832] AH00456: Server built: Jan 28 2016 09:58:25
[Wed Jan 27 14:30:54.696204 2021] [core:notice] [pid 6224:tid 832] AH00094: Command line: 'H:\\PRE-TPI\\TPI_GitHub\\02-uWamp\\bin\\apache\\bin\\httpd.exe -d H:/PRE-TPI/TPI_GitHub/02-uWamp/bin/apache -f H:\\PRE-TPI\\TPI_GitHub\\02-uWamp\\bin\\apache\\conf\\httpd.conf'
[Wed Jan 27 14:30:54.702187 2021] [mpm_winnt:notice] [pid 6224:tid 832] AH00418: Parent: Created child process 16764
[Wed Jan 27 14:31:21.153931 2021] [ssl:warn] [pid 14572:tid 860] AH01906: main-serveur:443:0 server certificate is a CA certificate (BasicConstraints: CA == TRUE !?)
[Wed Jan 27 14:31:21.155893 2021] [ssl:warn] [pid 14572:tid 860] AH01909: main-serveur:443:0 server certificate does NOT include an ID which matches the server name
[Wed Jan 27 14:31:21.254630 2021] [core:warn] [pid 14572:tid 860] AH00098: pid file H:/PRE-TPI/TPI_GitHub/02-uWamp/bin/apache/logs/httpd.pid overwritten -- Unclean shutdown of previous Apache run?
[Wed Jan 27 14:31:21.343393 2021] [ssl:warn] [pid 14572:tid 860] AH01873: Init: Session Cache is not configured [hint: SSLSessionCache]
[Wed Jan 27 14:31:21.351378 2021] [ssl:warn] [pid 14572:tid 860] AH01906: main-serveur:443:0 server certificate is a CA certificate (BasicConstraints: CA == TRUE !?)
[Wed Jan 27 14:31:21.351378 2021] [ssl:warn] [pid 14572:tid 860] AH01909: main-serveur:443:0 server certificate does NOT include an ID which matches the server name
[Wed Jan 27 14:31:22.439067 2021] [mpm_winnt:notice] [pid 14572:tid 860] AH00455: Apache/2.4.18 (Win32) OpenSSL/1.0.2f PHP/5.6.18 configured -- resuming normal operations
[Wed Jan 27 14:31:22.440065 2021] [mpm_winnt:notice] [pid 14572:tid 860] AH00456: Server built: Jan 28 2016 09:58:25
[Wed Jan 27 14:31:22.440065 2021] [core:notice] [pid 14572:tid 860] AH00094: Command line: 'H:\\PRE-TPI\\TPI_GitHub\\02-uWamp\\bin\\apache\\bin\\httpd.exe -d H:/PRE-TPI/TPI_GitHub/02-uWamp/bin/apache -f H:\\PRE-TPI\\TPI_GitHub\\02-uWamp\\bin\\apache\\conf\\httpd.conf'
[Wed Jan 27 14:31:22.450038 2021] [mpm_winnt:notice] [pid 14572:tid 860] AH00418: Parent: Created child process 12096
[Wed Jan 27 14:31:23.327692 2021] [ssl:warn] [pid 12096:tid 836] AH01906: main-serveur:443:0 server certificate is a CA certificate (BasicConstraints: CA == TRUE !?)
[Wed Jan 27 14:31:23.329687 2021] [ssl:warn] [pid 12096:tid 836] AH01909: main-serveur:443:0 server certificate does NOT include an ID which matches the server name
[Wed Jan 27 14:31:23.482279 2021] [ssl:warn] [pid 12096:tid 836] AH01873: Init: Session Cache is not configured [hint: SSLSessionCache]
[Wed Jan 27 14:31:23.484274 2021] [ssl:warn] [pid 12096:tid 836] AH01906: main-serveur:443:0 server certificate is a CA certificate (BasicConstraints: CA == TRUE !?)
[Wed Jan 27 14:31:23.484274 2021] [ssl:warn] [pid 12096:tid 836] AH01909: main-serveur:443:0 server certificate does NOT include an ID which matches the server name
[Wed Jan 27 14:31:23.557109 2021] [mpm_winnt:notice] [pid 12096:tid 836] AH00354: Child: Starting 64 worker threads.
[Wed Jan 27 14:31:38.634212 2021] [:error] [pid 12096:tid 1588] [client ::1:50387] PHP Warning:  mail(): &quot;sendmail_from&quot; not set in php.ini or custom &quot;From:&quot; header missing in H:\\PRE-TPI\\TPI_GitHub\\02-uWamp\\www\\my-app\\controllers\\sendMailRequest.php on line 3, referer: http://localhost/my-app/views/inscription.php
[Wed Jan 27 14:31:38.634212 2021] [:error] [pid 12096:tid 1588] [client ::1:50387] PHP Stack trace:, referer: http://localhost/my-app/views/inscription.php
[Wed Jan 27 14:31:38.634212 2021] [:error] [pid 12096:tid 1588] [client ::1:50387] PHP   1. {main}() H:\\PRE-TPI\\TPI_GitHub\\02-uWamp\\www\\my-app\\controllers\\sendMailRequest.php:0, referer: http://localhost/my-app/views/inscription.php
[Wed Jan 27 14:31:38.634212 2021] [:error] [pid 12096:tid 1588] [client ::1:50387] PHP   2. mail() H:\\PRE-TPI\\TPI_GitHub\\02-uWamp\\www\\my-app\\controllers\\sendMailRequest.php:3, referer: http://localhost/my-app/views/inscription.php
[Wed Jan 27 14:34:16.265795 2021] [mpm_winnt:crit] [pid 12096:tid 836] AH02538: Child: Parent process exited abruptly. Child process is ending
[Wed Jan 27 14:34:16.266793 2021] [mpm_winnt:warn] [pid 12096:tid 884] (OS 995)L’opération d’entrée/sortie a été abandonnée en raison de l’arrêt d’un thread ou à la demande d’une application.  : AH00341: winnt_accept: Asynchronous AcceptEx failed.
[Wed Jan 27 14:34:16.266793 2021] [mpm_winnt:warn] [pid 12096:tid 1748] (OS 995)L’opération d’entrée/sortie a été abandonnée en raison de l’arrêt d’un thread ou à la demande d’une application.  : AH00341: winnt_accept: Asynchronous AcceptEx failed.
[Wed Jan 27 14:34:16.266793 2021] [mpm_winnt:warn] [pid 12096:tid 1680] (OS 995)L’opération d’entrée/sortie a été abandonnée en raison de l’arrêt d’un thread ou à la demande d’une application.  : AH00341: winnt_accept: Asynchronous AcceptEx failed.
[Wed Jan 27 14:34:16.266793 2021] [mpm_winnt:warn] [pid 12096:tid 1724] (OS 995)L’opération d’entrée/sortie a été abandonnée en raison de l’arrêt d’un thread ou à la demande d’une application.  : AH00341: winnt_accept: Asynchronous AcceptEx failed.
[Wed Jan 27 15:30:06.979829 2021] [ssl:warn] [pid 12152:tid 584] AH01906: main-serveur:443:0 server certificate is a CA certificate (BasicConstraints: CA == TRUE !?)
[Wed Jan 27 15:30:06.981823 2021] [ssl:warn] [pid 12152:tid 584] AH01909: main-serveur:443:0 server certificate does NOT include an ID which matches the server name
[Wed Jan 27 15:30:07.072641 2021] [core:warn] [pid 12152:tid 584] AH00098: pid file H:/PRE-TPI/TPI_GitHub/02-uWamp/bin/apache/logs/httpd.pid overwritten -- Unclean shutdown of previous Apache run?
[Wed Jan 27 15:30:07.160433 2021] [ssl:warn] [pid 12152:tid 584] AH01873: Init: Session Cache is not configured [hint: SSLSessionCache]
[Wed Jan 27 15:30:07.167390 2021] [ssl:warn] [pid 12152:tid 584] AH01906: main-serveur:443:0 server certificate is a CA certificate (BasicConstraints: CA == TRUE !?)
[Wed Jan 27 15:30:07.168384 2021] [ssl:warn] [pid 12152:tid 584] AH01909: main-serveur:443:0 server certificate does NOT include an ID which matches the server name
[Wed Jan 27 15:30:08.896405 2021] [mpm_winnt:notice] [pid 12152:tid 584] AH00455: Apache/2.4.18 (Win32) OpenSSL/1.0.2f PHP/5.6.18 configured -- resuming normal operations
[Wed Jan 27 15:30:08.896405 2021] [mpm_winnt:notice] [pid 12152:tid 584] AH00456: Server built: Jan 28 2016 09:58:25
[Wed Jan 27 15:30:08.897403 2021] [core:notice] [pid 12152:tid 584] AH00094: Command line: 'H:\\PRE-TPI\\TPI_GitHub\\02-uWamp\\bin\\apache\\bin\\httpd.exe -d H:/PRE-TPI/TPI_GitHub/02-uWamp/bin/apache -f H:\\PRE-TPI\\TPI_GitHub\\02-uWamp\\bin\\apache\\conf\\httpd.conf'
[Wed Jan 27 15:30:08.903386 2021] [mpm_winnt:notice] [pid 12152:tid 584] AH00418: Parent: Created child process 16324
[Wed Jan 27 15:30:09.748134 2021] [ssl:warn] [pid 16324:tid 868] AH01906: main-serveur:443:0 server certificate is a CA certificate (BasicConstraints: CA == TRUE !?)
[Wed Jan 27 15:30:09.749131 2021] [ssl:warn] [pid 16324:tid 868] AH01909: main-serveur:443:0 server certificate does NOT include an ID which matches the server name
[Wed Jan 27 15:30:09.906719 2021] [ssl:warn] [pid 16324:tid 868] AH01873: Init: Session Cache is not configured [hint: SSLSessionCache]
[Wed Jan 27 15:30:09.907713 2021] [ssl:warn] [pid 16324:tid 868] AH01906: main-serveur:443:0 server certificate is a CA certificate (BasicConstraints: CA == TRUE !?)
[Wed Jan 27 15:30:09.909708 2021] [ssl:warn] [pid 16324:tid 868] AH01909: main-serveur:443:0 server certificate does NOT include an ID which matches the server name
[Wed Jan 27 15:30:09.973538 2021] [mpm_winnt:notice] [pid 16324:tid 868] AH00354: Child: Starting 64 worker threads.
