2021-03-11T18:47:34.518745Z 0 [Warning] TIMESTAMP with implicit DEFAULT value is deprecated. Please use --explicit_defaults_for_timestamp server option (see documentation for more details).
2021-03-11T18:47:34.519744Z 0 [Warning] 'NO_ZERO_DATE', 'NO_ZERO_IN_DATE' and 'ERROR_FOR_DIVISION_BY_ZERO' sql modes should be used with strict mode. They will be merged with strict mode in a future release.
2021-03-11T18:47:34.519744Z 0 [Warning] 'NO_AUTO_CREATE_USER' sql mode was not set.
2021-03-11T18:47:34.519744Z 0 [Warning] Insecure configuration for --secure-file-priv: Current value does not restrict location of generated files. Consider setting it to a valid, non-empty path.
2021-03-11T18:47:34.519744Z 0 [ERROR] Cannot open Windows EventLog; check privileges, or start server with --log_syslog=0
2021-03-11T18:47:34.519744Z 0 [Note] C:\Users\user\Documents\GitHub\TPI_GitHub\02-uWamp\bin\database\mysql-5.7.11\bin\mysqld.exe (mysqld 5.7.11) starting as process 46568 ...
2021-03-11T18:47:34.630140Z 0 [ERROR] Can't open shared library 'C:\Users\user\Documents\GitHub\TPI_GitHub\02-uWamp\bin\database\mysql-5.7.11\lib\plugin\keyring_file.dll' (errno: 126 Le module spécifié est introuvable.)
2021-03-11T18:47:34.633137Z 0 [ERROR] Couldn't load plugin named 'keyring_file' with soname 'keyring_file.dll'.
2021-03-11T18:47:34.634137Z 0 [Note] InnoDB: Mutexes and rw_locks use Windows interlocked functions
2021-03-11T18:47:34.635135Z 0 [Note] InnoDB: Uses event mutexes
2021-03-11T18:47:34.635135Z 0 [Note] InnoDB: Memory barrier is not used
2021-03-11T18:47:34.636135Z 0 [Note] InnoDB: Compressed tables use zlib 1.2.3
2021-03-11T18:47:34.637134Z 0 [Note] InnoDB: Number of pools: 1
2021-03-11T18:47:34.638134Z 0 [Note] InnoDB: Not using CPU crc32 instructions
2021-03-11T18:47:34.708092Z 0 [Note] InnoDB: Initializing buffer pool, total size = 128M, instances = 1, chunk size = 128M
2021-03-11T18:47:34.716086Z 0 [Note] InnoDB: Completed initialization of buffer pool
2021-03-11T18:47:35.053637Z 0 [Note] InnoDB: Highest supported file format is Barracuda.
2021-03-11T18:47:41.667033Z 0 [Note] InnoDB: Creating shared tablespace for temporary tables
2021-03-11T18:47:41.673023Z 0 [Note] InnoDB: Setting file '.\ibtmp1' size to 12 MB. Physically writing the file full; Please wait ...
2021-03-11T18:47:42.267213Z 0 [Note] InnoDB: File '.\ibtmp1' size is now 12 MB.
2021-03-11T18:47:42.279206Z 0 [Note] InnoDB: 96 redo rollback segment(s) found. 96 redo rollback segment(s) are active.
2021-03-11T18:47:42.280205Z 0 [Note] InnoDB: 32 non-redo rollback segment(s) are active.
2021-03-11T18:47:42.282184Z 0 [Note] InnoDB: Waiting for purge to start
2021-03-11T18:47:42.345145Z 0 [Note] InnoDB: page_cleaner: 1000ms intended loop took 7626ms. The settings might not be optimal. (flushed=0 and evicted=0, during the time.)
2021-03-11T18:47:42.361137Z 0 [Note] InnoDB: 5.7.11 started; log sequence number 6419447
2021-03-11T18:47:42.362136Z 0 [Note] Plugin 'FEDERATED' is disabled.
2021-03-11T18:47:42.362136Z 0 [Note] InnoDB: Loading buffer pool(s) from C:\Users\user\Documents\GitHub\TPI_GitHub\02-uWamp\bin\database\mysql-5.7.11\data\ib_buffer_pool
2021-03-11T18:47:42.612197Z 0 [Warning] Failed to set up SSL because of the following SSL library error: SSL context is not usable without certificate and private key
2021-03-11T18:47:42.616194Z 0 [Note] Server hostname (bind-address): '*'; port: 3306
2021-03-11T18:47:42.617193Z 0 [Note] IPv6 is available.
2021-03-11T18:47:42.618192Z 0 [Note]   - '::' resolves to '::';
2021-03-11T18:47:42.619192Z 0 [Note] Server socket created on IP: '::'.
2021-03-11T18:47:43.772766Z 0 [Note] InnoDB: Buffer pool(s) load completed at 210311 19:47:43
2021-03-11T18:47:45.357166Z 0 [Note] Event Scheduler: Loaded 0 events
2021-03-11T18:47:45.358165Z 0 [Note] C:\Users\user\Documents\GitHub\TPI_GitHub\02-uWamp\bin\database\mysql-5.7.11\bin\mysqld.exe: ready for connections.
Version: '5.7.11'  socket: ''  port: 3306  MySQL Community Server (GPL)
2021-03-11T21:36:44.735483Z 0 [Note] C:\Users\user\Documents\GitHub\TPI_GitHub\02-uWamp\bin\database\mysql-5.7.11\bin\mysqld.exe: Normal shutdown

2021-03-11T21:36:44.738480Z 0 [Note] Giving 0 client threads a chance to die gracefully
2021-03-11T21:36:44.740479Z 0 [Note] Shutting down slave threads
2021-03-11T21:36:44.756534Z 0 [Note] Forcefully disconnecting 0 remaining clients
2021-03-11T21:36:44.771990Z 0 [Note] Event Scheduler: Purging the queue. 0 events
2021-03-11T21:36:44.809706Z 0 [Note] Binlog end
2021-03-11T21:36:44.859743Z 0 [Note] Shutting down plugin 'ngram'
2021-03-11T21:36:44.861654Z 0 [Note] Shutting down plugin 'partition'
2021-03-11T21:36:44.862664Z 0 [Note] Shutting down plugin 'BLACKHOLE'
2021-03-11T21:36:44.864661Z 0 [Note] Shutting down plugin 'ARCHIVE'
2021-03-11T21:36:44.865661Z 0 [Note] Shutting down plugin 'PERFORMANCE_SCHEMA'
2021-03-11T21:36:44.867659Z 0 [Note] Shutting down plugin 'MRG_MYISAM'
2021-03-11T21:36:44.876738Z 0 [Note] Shutting down plugin 'MyISAM'
2021-03-11T21:36:44.877743Z 0 [Note] Shutting down plugin 'INNODB_SYS_VIRTUAL'
2021-03-11T21:36:44.880050Z 0 [Note] Shutting down plugin 'INNODB_SYS_DATAFILES'
2021-03-11T21:36:44.881060Z 0 [Note] Shutting down plugin 'INNODB_SYS_TABLESPACES'
2021-03-11T21:36:44.882059Z 0 [Note] Shutting down plugin 'INNODB_SYS_FOREIGN_COLS'
2021-03-11T21:36:44.884057Z 0 [Note] Shutting down plugin 'INNODB_SYS_FOREIGN'
2021-03-11T21:36:44.885057Z 0 [Note] Shutting down plugin 'INNODB_SYS_FIELDS'
2021-03-11T21:36:44.887052Z 0 [Note] Shutting down plugin 'INNODB_SYS_COLUMNS'
2021-03-11T21:36:44.888051Z 0 [Note] Shutting down plugin 'INNODB_SYS_INDEXES'
2021-03-11T21:36:44.889052Z 0 [Note] Shutting down plugin 'INNODB_SYS_TABLESTATS'
2021-03-11T21:36:44.891051Z 0 [Note] Shutting down plugin 'INNODB_SYS_TABLES'
2021-03-11T21:36:44.892053Z 0 [Note] Shutting down plugin 'INNODB_FT_INDEX_TABLE'
2021-03-11T21:36:44.893052Z 0 [Note] Shutting down plugin 'INNODB_FT_INDEX_CACHE'
2021-03-11T21:36:44.895052Z 0 [Note] Shutting down plugin 'INNODB_FT_CONFIG'
2021-03-11T21:36:44.896050Z 0 [Note] Shutting down plugin 'INNODB_FT_BEING_DELETED'
2021-03-11T21:36:44.898049Z 0 [Note] Shutting down plugin 'INNODB_FT_DELETED'
2021-03-11T21:36:44.899048Z 0 [Note] Shutting down plugin 'INNODB_FT_DEFAULT_STOPWORD'
2021-03-11T21:36:44.900048Z 0 [Note] Shutting down plugin 'INNODB_METRICS'
2021-03-11T21:36:44.902046Z 0 [Note] Shutting down plugin 'INNODB_TEMP_TABLE_INFO'
2021-03-11T21:36:44.903046Z 0 [Note] Shutting down plugin 'INNODB_BUFFER_POOL_STATS'
2021-03-11T21:36:44.905045Z 0 [Note] Shutting down plugin 'INNODB_BUFFER_PAGE_LRU'
2021-03-11T21:36:44.906040Z 0 [Note] Shutting down plugin 'INNODB_BUFFER_PAGE'
2021-03-11T21:36:44.907038Z 0 [Note] Shutting down plugin 'INNODB_CMP_PER_INDEX_RESET'
2021-03-11T21:36:44.909038Z 0 [Note] Shutting down plugin 'INNODB_CMP_PER_INDEX'
2021-03-11T21:36:44.909038Z 0 [Note] Shutting down plugin 'INNODB_CMPMEM_RESET'
2021-03-11T21:36:44.910036Z 0 [Note] Shutting down plugin 'INNODB_CMPMEM'
2021-03-11T21:36:44.911036Z 0 [Note] Shutting down plugin 'INNODB_CMP_RESET'
2021-03-11T21:36:44.911036Z 0 [Note] Shutting down plugin 'INNODB_CMP'
2021-03-11T21:36:44.912035Z 0 [Note] Shutting down plugin 'INNODB_LOCK_WAITS'
2021-03-11T21:36:44.912035Z 0 [Note] Shutting down plugin 'INNODB_LOCKS'
2021-03-11T21:36:44.913035Z 0 [Note] Shutting down plugin 'INNODB_TRX'
2021-03-11T21:36:44.913035Z 0 [Note] Shutting down plugin 'InnoDB'
2021-03-11T21:36:44.914960Z 0 [Note] InnoDB: FTS optimize thread exiting.
2021-03-11T21:36:44.914960Z 0 [Note] InnoDB: Starting shutdown...
2021-03-11T21:36:45.021694Z 0 [Note] InnoDB: Dumping buffer pool(s) to C:\Users\user\Documents\GitHub\TPI_GitHub\02-uWamp\bin\database\mysql-5.7.11\data\ib_buffer_pool
2021-03-11T21:36:45.022382Z 0 [Note] InnoDB: Buffer pool(s) dump completed at 210311 22:36:45
2021-03-11T21:36:46.238655Z 0 [Note] InnoDB: Shutdown completed; log sequence number 6420055
2021-03-11T21:36:46.245651Z 0 [Note] InnoDB: Removed temporary tablespace data file: "ibtmp1"
2021-03-11T21:36:46.246650Z 0 [Note] Shutting down plugin 'MEMORY'
2021-03-11T21:36:46.247649Z 0 [Note] Shutting down plugin 'CSV'
2021-03-11T21:36:46.247649Z 0 [Note] Shutting down plugin 'sha256_password'
2021-03-11T21:36:46.248649Z 0 [Note] Shutting down plugin 'mysql_native_password'
2021-03-11T21:36:46.248649Z 0 [Note] Shutting down plugin 'binlog'
2021-03-11T21:36:46.254644Z 0 [Note] C:\Users\user\Documents\GitHub\TPI_GitHub\02-uWamp\bin\database\mysql-5.7.11\bin\mysqld.exe: Shutdown complete

