2017-12-14T12:36:00.231172Z 0 [Warning] TIMESTAMP with implicit DEFAULT value is deprecated. Please use --explicit_defaults_for_timestamp server option (see documentation for more details).
2017-12-14T12:36:00.231172Z 0 [Warning] 'NO_ZERO_DATE', 'NO_ZERO_IN_DATE' and 'ERROR_FOR_DIVISION_BY_ZERO' sql modes should be used with strict mode. They will be merged with strict mode in a future release.
2017-12-14T12:36:00.231172Z 0 [Warning] 'NO_AUTO_CREATE_USER' sql mode was not set.
2017-12-14T12:36:00.231172Z 0 [Warning] Insecure configuration for --secure-file-priv: Current value does not restrict location of generated files. Consider setting it to a valid, non-empty path.
2017-12-14T12:36:00.231172Z 0 [Note] D:\Applications\Applications-publics\UwAmp\bin\database\mysql-5.7.11\bin\mysqld.exe (mysqld 5.7.11) starting as process 2300 ...
2017-12-14T12:36:00.231172Z 0 [ERROR] Can't open shared library 'D:\Applications\Applications-publics\UwAmp\bin\database\mysql-5.7.11\lib\plugin\keyring_file.dll' (errno: 126 Le module spécifié est introuvable.)
2017-12-14T12:36:00.231172Z 0 [ERROR] Couldn't load plugin named 'keyring_file' with soname 'keyring_file.dll'.
2017-12-14T12:36:00.246772Z 0 [Note] InnoDB: Mutexes and rw_locks use Windows interlocked functions
2017-12-14T12:36:00.246772Z 0 [Note] InnoDB: Uses event mutexes
2017-12-14T12:36:00.246772Z 0 [Note] InnoDB: Memory barrier is not used
2017-12-14T12:36:00.246772Z 0 [Note] InnoDB: Compressed tables use zlib 1.2.3
2017-12-14T12:36:00.246772Z 0 [Note] InnoDB: Number of pools: 1
2017-12-14T12:36:00.246772Z 0 [Note] InnoDB: Not using CPU crc32 instructions
2017-12-14T12:36:00.277972Z 0 [Note] InnoDB: Initializing buffer pool, total size = 128M, instances = 1, chunk size = 128M
2017-12-14T12:36:00.293572Z 0 [Note] InnoDB: Completed initialization of buffer pool
2017-12-14T12:36:00.387172Z 0 [Note] InnoDB: Setting log file .\ib_logfile101 size to 48 MB
2017-12-14T12:36:00.714772Z 0 [Note] InnoDB: Setting log file .\ib_logfile1 size to 48 MB
2017-12-14T12:36:00.886372Z 0 [Note] InnoDB: Renaming log file .\ib_logfile101 to .\ib_logfile0
2017-12-14T12:36:00.886372Z 0 [Warning] InnoDB: New log files created, LSN=2602779
2017-12-14T12:36:00.886372Z 0 [Note] InnoDB: Highest supported file format is Barracuda.
2017-12-14T12:36:00.886372Z 0 [Note] InnoDB: Log scan progressed past the checkpoint lsn 2603020
2017-12-14T12:36:00.886372Z 0 [Note] InnoDB: Doing recovery: scanned up to log sequence number 2603029
2017-12-14T12:36:00.886372Z 0 [Note] InnoDB: Doing recovery: scanned up to log sequence number 2603029
2017-12-14T12:36:00.886372Z 0 [Note] InnoDB: Database was not shutdown normally!
2017-12-14T12:36:00.886372Z 0 [Note] InnoDB: Starting crash recovery.
2017-12-14T12:36:01.104772Z 0 [Note] InnoDB: Creating shared tablespace for temporary tables
2017-12-14T12:36:01.104772Z 0 [Note] InnoDB: Setting file '.\ibtmp1' size to 12 MB. Physically writing the file full; Please wait ...
2017-12-14T12:36:01.151572Z 0 [Note] InnoDB: File '.\ibtmp1' size is now 12 MB.
2017-12-14T12:36:01.151572Z 0 [Note] InnoDB: 96 redo rollback segment(s) found. 96 redo rollback segment(s) are active.
2017-12-14T12:36:01.151572Z 0 [Note] InnoDB: 32 non-redo rollback segment(s) are active.
2017-12-14T12:36:01.151572Z 0 [Note] InnoDB: Waiting for purge to start
2017-12-14T12:36:01.213972Z 0 [Note] InnoDB: 5.7.11 started; log sequence number 2603029
2017-12-14T12:36:01.213972Z 0 [Note] InnoDB: Loading buffer pool(s) from D:\Applications\Applications-publics\UwAmp\bin\database\mysql-5.7.11\data\ib_buffer_pool
2017-12-14T12:36:01.213972Z 0 [Note] Plugin 'FEDERATED' is disabled.
2017-12-14T12:36:01.213972Z 0 [Warning] Failed to set up SSL because of the following SSL library error: SSL context is not usable without certificate and private key
2017-12-14T12:36:01.213972Z 0 [Note] Server hostname (bind-address): '*'; port: 3306
2017-12-14T12:36:01.213972Z 0 [Note] IPv6 is available.
2017-12-14T12:36:01.213972Z 0 [Note]   - '::' resolves to '::';
2017-12-14T12:36:01.213972Z 0 [Note] Server socket created on IP: '::'.
2017-12-14T12:36:01.229572Z 0 [Note] InnoDB: Buffer pool(s) load completed at 171214 13:36:01
2017-12-14T12:36:01.245172Z 0 [Note] Event Scheduler: Loaded 0 events
2017-12-14T12:36:01.245172Z 0 [Note] D:\Applications\Applications-publics\UwAmp\bin\database\mysql-5.7.11\bin\mysqld.exe: ready for connections.
Version: '5.7.11'  socket: ''  port: 3306  MySQL Community Server (GPL)
2017-12-14T12:48:18.109587Z 0 [Note] D:\Applications\Applications-publics\UwAmp\bin\database\mysql-5.7.11\bin\mysqld.exe: Normal shutdown

2017-12-14T12:48:18.109587Z 0 [Note] Giving 0 client threads a chance to die gracefully
2017-12-14T12:48:18.110587Z 0 [Note] Shutting down slave threads
2017-12-14T12:48:18.110587Z 0 [Note] Forcefully disconnecting 0 remaining clients
2017-12-14T12:48:18.110587Z 0 [Note] Event Scheduler: Purging the queue. 0 events
2017-12-14T12:48:18.111587Z 0 [Note] Binlog end
2017-12-14T12:48:18.115587Z 0 [Note] Shutting down plugin 'ngram'
2017-12-14T12:48:18.116587Z 0 [Note] Shutting down plugin 'partition'
2017-12-14T12:48:18.116587Z 0 [Note] Shutting down plugin 'BLACKHOLE'
2017-12-14T12:48:18.116587Z 0 [Note] Shutting down plugin 'ARCHIVE'
2017-12-14T12:48:18.117587Z 0 [Note] Shutting down plugin 'PERFORMANCE_SCHEMA'
2017-12-14T12:48:18.117587Z 0 [Note] Shutting down plugin 'MRG_MYISAM'
2017-12-14T12:48:18.117587Z 0 [Note] Shutting down plugin 'MyISAM'
2017-12-14T12:48:18.117587Z 0 [Note] Shutting down plugin 'INNODB_SYS_VIRTUAL'
2017-12-14T12:48:18.118587Z 0 [Note] Shutting down plugin 'INNODB_SYS_DATAFILES'
2017-12-14T12:48:18.118587Z 0 [Note] Shutting down plugin 'INNODB_SYS_TABLESPACES'
2017-12-14T12:48:18.118587Z 0 [Note] Shutting down plugin 'INNODB_SYS_FOREIGN_COLS'
2017-12-14T12:48:18.119587Z 0 [Note] Shutting down plugin 'INNODB_SYS_FOREIGN'
2017-12-14T12:48:18.119587Z 0 [Note] Shutting down plugin 'INNODB_SYS_FIELDS'
2017-12-14T12:48:18.119587Z 0 [Note] Shutting down plugin 'INNODB_SYS_COLUMNS'
2017-12-14T12:48:18.120587Z 0 [Note] Shutting down plugin 'INNODB_SYS_INDEXES'
2017-12-14T12:48:18.120587Z 0 [Note] Shutting down plugin 'INNODB_SYS_TABLESTATS'
2017-12-14T12:48:18.120587Z 0 [Note] Shutting down plugin 'INNODB_SYS_TABLES'
2017-12-14T12:48:18.121587Z 0 [Note] Shutting down plugin 'INNODB_FT_INDEX_TABLE'
2017-12-14T12:48:18.121587Z 0 [Note] Shutting down plugin 'INNODB_FT_INDEX_CACHE'
2017-12-14T12:48:18.121587Z 0 [Note] Shutting down plugin 'INNODB_FT_CONFIG'
2017-12-14T12:48:18.122587Z 0 [Note] Shutting down plugin 'INNODB_FT_BEING_DELETED'
2017-12-14T12:48:18.122587Z 0 [Note] Shutting down plugin 'INNODB_FT_DELETED'
2017-12-14T12:48:18.122587Z 0 [Note] Shutting down plugin 'INNODB_FT_DEFAULT_STOPWORD'
2017-12-14T12:48:18.123587Z 0 [Note] Shutting down plugin 'INNODB_METRICS'
2017-12-14T12:48:18.123587Z 0 [Note] Shutting down plugin 'INNODB_TEMP_TABLE_INFO'
2017-12-14T12:48:18.123587Z 0 [Note] Shutting down plugin 'INNODB_BUFFER_POOL_STATS'
2017-12-14T12:48:18.124587Z 0 [Note] Shutting down plugin 'INNODB_BUFFER_PAGE_LRU'
2017-12-14T12:48:18.124587Z 0 [Note] Shutting down plugin 'INNODB_BUFFER_PAGE'
2017-12-14T12:48:18.124587Z 0 [Note] Shutting down plugin 'INNODB_CMP_PER_INDEX_RESET'
2017-12-14T12:48:18.125587Z 0 [Note] Shutting down plugin 'INNODB_CMP_PER_INDEX'
2017-12-14T12:48:18.125587Z 0 [Note] Shutting down plugin 'INNODB_CMPMEM_RESET'
2017-12-14T12:48:18.125587Z 0 [Note] Shutting down plugin 'INNODB_CMPMEM'
2017-12-14T12:48:18.126587Z 0 [Note] Shutting down plugin 'INNODB_CMP_RESET'
2017-12-14T12:48:18.126587Z 0 [Note] Shutting down plugin 'INNODB_CMP'
2017-12-14T12:48:18.126587Z 0 [Note] Shutting down plugin 'INNODB_LOCK_WAITS'
2017-12-14T12:48:18.126587Z 0 [Note] Shutting down plugin 'INNODB_LOCKS'
2017-12-14T12:48:18.127587Z 0 [Note] Shutting down plugin 'INNODB_TRX'
2017-12-14T12:48:18.127587Z 0 [Note] Shutting down plugin 'InnoDB'
2017-12-14T12:48:18.127587Z 0 [Note] InnoDB: FTS optimize thread exiting.
2017-12-14T12:48:18.128587Z 0 [Note] InnoDB: Starting shutdown...
2017-12-14T12:48:18.228587Z 0 [Note] InnoDB: Dumping buffer pool(s) to D:\Applications\Applications-publics\UwAmp\bin\database\mysql-5.7.11\data\ib_buffer_pool
2017-12-14T12:48:18.230587Z 0 [Note] InnoDB: Buffer pool(s) dump completed at 171214 13:48:18
2017-12-14T12:48:18.773587Z 0 [Note] InnoDB: Shutdown completed; log sequence number 4198848
2017-12-14T12:48:18.773587Z 0 [Note] InnoDB: Removed temporary tablespace data file: "ibtmp1"
2017-12-14T12:48:18.773587Z 0 [Note] Shutting down plugin 'MEMORY'
2017-12-14T12:48:18.773587Z 0 [Note] Shutting down plugin 'CSV'
2017-12-14T12:48:18.773587Z 0 [Note] Shutting down plugin 'sha256_password'
2017-12-14T12:48:18.773587Z 0 [Note] Shutting down plugin 'mysql_native_password'
2017-12-14T12:48:18.773587Z 0 [Note] Shutting down plugin 'binlog'
2017-12-14T12:48:18.773587Z 0 [Note] D:\Applications\Applications-publics\UwAmp\bin\database\mysql-5.7.11\bin\mysqld.exe: Shutdown complete

2017-12-15T07:55:25.853487Z 0 [Warning] TIMESTAMP with implicit DEFAULT value is deprecated. Please use --explicit_defaults_for_timestamp server option (see documentation for more details).
2017-12-15T07:55:25.853487Z 0 [Warning] 'NO_ZERO_DATE', 'NO_ZERO_IN_DATE' and 'ERROR_FOR_DIVISION_BY_ZERO' sql modes should be used with strict mode. They will be merged with strict mode in a future release.
2017-12-15T07:55:25.853487Z 0 [Warning] 'NO_AUTO_CREATE_USER' sql mode was not set.
2017-12-15T07:55:25.853487Z 0 [Warning] Insecure configuration for --secure-file-priv: Current value does not restrict location of generated files. Consider setting it to a valid, non-empty path.
2017-12-15T07:55:25.853487Z 0 [Note] D:\Applications\Applications-publics\UwAmp\bin\database\mysql-5.7.11\bin\mysqld.exe (mysqld 5.7.11) starting as process 13632 ...
2017-12-15T07:55:25.869087Z 0 [ERROR] Can't open shared library 'D:\Applications\Applications-publics\UwAmp\bin\database\mysql-5.7.11\lib\plugin\keyring_file.dll' (errno: 126 Le module spécifié est introuvable.)
2017-12-15T07:55:25.869087Z 0 [ERROR] Couldn't load plugin named 'keyring_file' with soname 'keyring_file.dll'.
2017-12-15T07:55:25.869087Z 0 [Note] InnoDB: Mutexes and rw_locks use Windows interlocked functions
2017-12-15T07:55:25.869087Z 0 [Note] InnoDB: Uses event mutexes
2017-12-15T07:55:25.869087Z 0 [Note] InnoDB: Memory barrier is not used
2017-12-15T07:55:25.869087Z 0 [Note] InnoDB: Compressed tables use zlib 1.2.3
2017-12-15T07:55:25.869087Z 0 [Note] InnoDB: Number of pools: 1
2017-12-15T07:55:25.869087Z 0 [Note] InnoDB: Not using CPU crc32 instructions
2017-12-15T07:55:25.915886Z 0 [Note] InnoDB: Initializing buffer pool, total size = 128M, instances = 1, chunk size = 128M
2017-12-15T07:55:25.915886Z 0 [Note] InnoDB: Completed initialization of buffer pool
2017-12-15T07:55:25.962686Z 0 [Note] InnoDB: Highest supported file format is Barracuda.
2017-12-15T07:55:26.087485Z 0 [Note] InnoDB: Creating shared tablespace for temporary tables
2017-12-15T07:55:26.087485Z 0 [Note] InnoDB: Setting file '.\ibtmp1' size to 12 MB. Physically writing the file full; Please wait ...
2017-12-15T07:55:26.134285Z 0 [Note] InnoDB: File '.\ibtmp1' size is now 12 MB.
2017-12-15T07:55:26.134285Z 0 [Note] InnoDB: 96 redo rollback segment(s) found. 96 redo rollback segment(s) are active.
2017-12-15T07:55:26.134285Z 0 [Note] InnoDB: 32 non-redo rollback segment(s) are active.
2017-12-15T07:55:26.134285Z 0 [Note] InnoDB: Waiting for purge to start
2017-12-15T07:55:26.196685Z 0 [Note] InnoDB: 5.7.11 started; log sequence number 4198848
2017-12-15T07:55:26.196685Z 0 [Note] InnoDB: Loading buffer pool(s) from D:\Applications\Applications-publics\UwAmp\bin\database\mysql-5.7.11\data\ib_buffer_pool
2017-12-15T07:55:26.196685Z 0 [Note] Plugin 'FEDERATED' is disabled.
2017-12-15T07:55:26.196685Z 0 [Warning] Failed to set up SSL because of the following SSL library error: SSL context is not usable without certificate and private key
2017-12-15T07:55:26.196685Z 0 [Note] InnoDB: Buffer pool(s) load completed at 171215  8:55:26
2017-12-15T07:55:26.196685Z 0 [Note] Server hostname (bind-address): '*'; port: 3306
2017-12-15T07:55:26.196685Z 0 [Note] IPv6 is available.
2017-12-15T07:55:26.196685Z 0 [Note]   - '::' resolves to '::';
2017-12-15T07:55:26.212285Z 0 [Note] Server socket created on IP: '::'.
2017-12-15T07:55:26.290284Z 0 [Note] Event Scheduler: Loaded 0 events
2017-12-15T07:55:26.290284Z 0 [Note] D:\Applications\Applications-publics\UwAmp\bin\database\mysql-5.7.11\bin\mysqld.exe: ready for connections.
Version: '5.7.11'  socket: ''  port: 3306  MySQL Community Server (GPL)
2017-12-15T07:56:37.522053Z 0 [Note] D:\Applications\Applications-publics\UwAmp\bin\database\mysql-5.7.11\bin\mysqld.exe: Normal shutdown

2017-12-15T07:56:37.522053Z 0 [Note] Giving 0 client threads a chance to die gracefully
2017-12-15T07:56:37.522053Z 0 [Note] Shutting down slave threads
2017-12-15T07:56:37.522053Z 0 [Note] Forcefully disconnecting 0 remaining clients
2017-12-15T07:56:37.522053Z 0 [Note] Event Scheduler: Purging the queue. 0 events
2017-12-15T07:56:37.522053Z 0 [Note] Binlog end
2017-12-15T07:56:37.522053Z 0 [Note] Shutting down plugin 'ngram'
2017-12-15T07:56:37.522053Z 0 [Note] Shutting down plugin 'partition'
2017-12-15T07:56:37.522053Z 0 [Note] Shutting down plugin 'BLACKHOLE'
2017-12-15T07:56:37.522053Z 0 [Note] Shutting down plugin 'ARCHIVE'
2017-12-15T07:56:37.522053Z 0 [Note] Shutting down plugin 'PERFORMANCE_SCHEMA'
2017-12-15T07:56:37.522053Z 0 [Note] Shutting down plugin 'MRG_MYISAM'
2017-12-15T07:56:37.522053Z 0 [Note] Shutting down plugin 'MyISAM'
2017-12-15T07:56:37.522053Z 0 [Note] Shutting down plugin 'INNODB_SYS_VIRTUAL'
2017-12-15T07:56:37.522053Z 0 [Note] Shutting down plugin 'INNODB_SYS_DATAFILES'
2017-12-15T07:56:37.522053Z 0 [Note] Shutting down plugin 'INNODB_SYS_TABLESPACES'
2017-12-15T07:56:37.522053Z 0 [Note] Shutting down plugin 'INNODB_SYS_FOREIGN_COLS'
2017-12-15T07:56:37.522053Z 0 [Note] Shutting down plugin 'INNODB_SYS_FOREIGN'
2017-12-15T07:56:37.522053Z 0 [Note] Shutting down plugin 'INNODB_SYS_FIELDS'
2017-12-15T07:56:37.522053Z 0 [Note] Shutting down plugin 'INNODB_SYS_COLUMNS'
2017-12-15T07:56:37.522053Z 0 [Note] Shutting down plugin 'INNODB_SYS_INDEXES'
2017-12-15T07:56:37.522053Z 0 [Note] Shutting down plugin 'INNODB_SYS_TABLESTATS'
2017-12-15T07:56:37.537653Z 0 [Note] Shutting down plugin 'INNODB_SYS_TABLES'
2017-12-15T07:56:37.537653Z 0 [Note] Shutting down plugin 'INNODB_FT_INDEX_TABLE'
2017-12-15T07:56:37.537653Z 0 [Note] Shutting down plugin 'INNODB_FT_INDEX_CACHE'
2017-12-15T07:56:37.537653Z 0 [Note] Shutting down plugin 'INNODB_FT_CONFIG'
2017-12-15T07:56:37.537653Z 0 [Note] Shutting down plugin 'INNODB_FT_BEING_DELETED'
2017-12-15T07:56:37.537653Z 0 [Note] Shutting down plugin 'INNODB_FT_DELETED'
2017-12-15T07:56:37.537653Z 0 [Note] Shutting down plugin 'INNODB_FT_DEFAULT_STOPWORD'
2017-12-15T07:56:37.537653Z 0 [Note] Shutting down plugin 'INNODB_METRICS'
2017-12-15T07:56:37.537653Z 0 [Note] Shutting down plugin 'INNODB_TEMP_TABLE_INFO'
2017-12-15T07:56:37.537653Z 0 [Note] Shutting down plugin 'INNODB_BUFFER_POOL_STATS'
2017-12-15T07:56:37.537653Z 0 [Note] Shutting down plugin 'INNODB_BUFFER_PAGE_LRU'
2017-12-15T07:56:37.537653Z 0 [Note] Shutting down plugin 'INNODB_BUFFER_PAGE'
2017-12-15T07:56:37.537653Z 0 [Note] Shutting down plugin 'INNODB_CMP_PER_INDEX_RESET'
2017-12-15T07:56:37.537653Z 0 [Note] Shutting down plugin 'INNODB_CMP_PER_INDEX'
2017-12-15T07:56:37.537653Z 0 [Note] Shutting down plugin 'INNODB_CMPMEM_RESET'
2017-12-15T07:56:37.537653Z 0 [Note] Shutting down plugin 'INNODB_CMPMEM'
2017-12-15T07:56:37.537653Z 0 [Note] Shutting down plugin 'INNODB_CMP_RESET'
2017-12-15T07:56:37.537653Z 0 [Note] Shutting down plugin 'INNODB_CMP'
2017-12-15T07:56:37.537653Z 0 [Note] Shutting down plugin 'INNODB_LOCK_WAITS'
2017-12-15T07:56:37.537653Z 0 [Note] Shutting down plugin 'INNODB_LOCKS'
2017-12-15T07:56:37.537653Z 0 [Note] Shutting down plugin 'INNODB_TRX'
2017-12-15T07:56:37.537653Z 0 [Note] Shutting down plugin 'InnoDB'
2017-12-15T07:56:37.537653Z 0 [Note] InnoDB: FTS optimize thread exiting.
2017-12-15T07:56:37.537653Z 0 [Note] InnoDB: Starting shutdown...
2017-12-15T07:56:37.646852Z 0 [Note] InnoDB: Dumping buffer pool(s) to D:\Applications\Applications-publics\UwAmp\bin\database\mysql-5.7.11\data\ib_buffer_pool
2017-12-15T07:56:37.646852Z 0 [Note] InnoDB: Buffer pool(s) dump completed at 171215  8:56:37
2017-12-15T07:56:38.603847Z 0 [Note] InnoDB: Shutdown completed; log sequence number 4279420
2017-12-15T07:56:38.603847Z 0 [Note] InnoDB: Removed temporary tablespace data file: "ibtmp1"
2017-12-15T07:56:38.603847Z 0 [Note] Shutting down plugin 'MEMORY'
2017-12-15T07:56:38.604847Z 0 [Note] Shutting down plugin 'CSV'
2017-12-15T07:56:38.604847Z 0 [Note] Shutting down plugin 'sha256_password'
2017-12-15T07:56:38.604847Z 0 [Note] Shutting down plugin 'mysql_native_password'
2017-12-15T07:56:38.604847Z 0 [Note] Shutting down plugin 'binlog'
2017-12-15T07:56:38.605847Z 0 [Note] D:\Applications\Applications-publics\UwAmp\bin\database\mysql-5.7.11\bin\mysqld.exe: Shutdown complete

